{"D:\\projects\\mark-map\\lib\\math\\Vector2.ts": {"path":"D:\\projects\\mark-map\\lib\\math\\Vector2.ts","all":false,"statementMap":{"0":{"start":{"line":1,"column":0},"end":{"line":1,"column":14}},"1":{"start":{"line":2,"column":0},"end":{"line":2,"column":22}},"2":{"start":{"line":3,"column":0},"end":{"line":3,"column":16}},"3":{"start":{"line":4,"column":0},"end":{"line":4,"column":16}},"4":{"start":{"line":5,"column":0},"end":{"line":5,"column":27}},"5":{"start":{"line":6,"column":0},"end":{"line":6,"column":0}},"6":{"start":{"line":7,"column":0},"end":{"line":7,"column":5}},"7":{"start":{"line":8,"column":0},"end":{"line":8,"column":9}},"8":{"start":{"line":9,"column":0},"end":{"line":9,"column":5}},"9":{"start":{"line":10,"column":0},"end":{"line":10,"column":11}},"10":{"start":{"line":11,"column":0},"end":{"line":11,"column":18}},"11":{"start":{"line":12,"column":0},"end":{"line":12,"column":3}},"12":{"start":{"line":13,"column":0},"end":{"line":13,"column":5}},"13":{"start":{"line":14,"column":0},"end":{"line":14,"column":11}},"14":{"start":{"line":15,"column":0},"end":{"line":15,"column":5}},"15":{"start":{"line":16,"column":0},"end":{"line":16,"column":16}},"16":{"start":{"line":17,"column":0},"end":{"line":17,"column":19}},"17":{"start":{"line":18,"column":0},"end":{"line":18,"column":3}},"18":{"start":{"line":19,"column":0},"end":{"line":19,"column":5}},"19":{"start":{"line":20,"column":0},"end":{"line":20,"column":9}},"20":{"start":{"line":21,"column":0},"end":{"line":21,"column":5}},"21":{"start":{"line":22,"column":0},"end":{"line":22,"column":11}},"22":{"start":{"line":23,"column":0},"end":{"line":23,"column":18}},"23":{"start":{"line":24,"column":0},"end":{"line":24,"column":3}},"24":{"start":{"line":25,"column":0},"end":{"line":25,"column":5}},"25":{"start":{"line":26,"column":0},"end":{"line":26,"column":11}},"26":{"start":{"line":27,"column":0},"end":{"line":27,"column":5}},"27":{"start":{"line":28,"column":0},"end":{"line":28,"column":16}},"28":{"start":{"line":29,"column":0},"end":{"line":29,"column":19}},"29":{"start":{"line":30,"column":0},"end":{"line":30,"column":3}},"30":{"start":{"line":31,"column":0},"end":{"line":31,"column":0}},"31":{"start":{"line":32,"column":0},"end":{"line":32,"column":5}},"32":{"start":{"line":33,"column":0},"end":{"line":33,"column":14}},"33":{"start":{"line":34,"column":0},"end":{"line":34,"column":20}},"34":{"start":{"line":35,"column":0},"end":{"line":35,"column":20}},"35":{"start":{"line":36,"column":0},"end":{"line":36,"column":31}},"36":{"start":{"line":37,"column":0},"end":{"line":37,"column":5}},"37":{"start":{"line":38,"column":0},"end":{"line":38,"column":51}},"38":{"start":{"line":39,"column":0},"end":{"line":39,"column":33}},"39":{"start":{"line":40,"column":0},"end":{"line":40,"column":3}},"40":{"start":{"line":41,"column":0},"end":{"line":41,"column":0}},"41":{"start":{"line":42,"column":0},"end":{"line":42,"column":5}},"42":{"start":{"line":43,"column":0},"end":{"line":43,"column":11}},"43":{"start":{"line":44,"column":0},"end":{"line":44,"column":23}},"44":{"start":{"line":45,"column":0},"end":{"line":45,"column":22}},"45":{"start":{"line":46,"column":0},"end":{"line":46,"column":32}},"46":{"start":{"line":47,"column":0},"end":{"line":47,"column":5}},"47":{"start":{"line":48,"column":0},"end":{"line":48,"column":52}},"48":{"start":{"line":49,"column":0},"end":{"line":49,"column":34}},"49":{"start":{"line":50,"column":0},"end":{"line":50,"column":3}},"50":{"start":{"line":51,"column":0},"end":{"line":51,"column":0}},"51":{"start":{"line":52,"column":0},"end":{"line":52,"column":5}},"52":{"start":{"line":53,"column":0},"end":{"line":53,"column":16}},"53":{"start":{"line":54,"column":0},"end":{"line":54,"column":23}},"54":{"start":{"line":55,"column":0},"end":{"line":55,"column":22}},"55":{"start":{"line":56,"column":0},"end":{"line":56,"column":5}},"56":{"start":{"line":57,"column":0},"end":{"line":57,"column":42}},"57":{"start":{"line":58,"column":0},"end":{"line":58,"column":29}},"58":{"start":{"line":59,"column":0},"end":{"line":59,"column":25}},"59":{"start":{"line":60,"column":0},"end":{"line":60,"column":25}},"60":{"start":{"line":61,"column":0},"end":{"line":61,"column":0}},"61":{"start":{"line":62,"column":0},"end":{"line":62,"column":14}},"62":{"start":{"line":63,"column":0},"end":{"line":63,"column":3}},"63":{"start":{"line":64,"column":0},"end":{"line":64,"column":0}},"64":{"start":{"line":65,"column":0},"end":{"line":65,"column":5}},"65":{"start":{"line":66,"column":0},"end":{"line":66,"column":9}},"66":{"start":{"line":67,"column":0},"end":{"line":67,"column":16}},"67":{"start":{"line":68,"column":0},"end":{"line":68,"column":16}},"68":{"start":{"line":69,"column":0},"end":{"line":69,"column":5}},"69":{"start":{"line":70,"column":0},"end":{"line":70,"column":68}},"70":{"start":{"line":71,"column":0},"end":{"line":71,"column":32}},"71":{"start":{"line":72,"column":0},"end":{"line":72,"column":21}},"72":{"start":{"line":73,"column":0},"end":{"line":73,"column":21}},"73":{"start":{"line":74,"column":0},"end":{"line":74,"column":38}},"74":{"start":{"line":75,"column":0},"end":{"line":75,"column":18}},"75":{"start":{"line":76,"column":0},"end":{"line":76,"column":18}},"76":{"start":{"line":77,"column":0},"end":{"line":77,"column":34}},"77":{"start":{"line":78,"column":0},"end":{"line":78,"column":24}},"78":{"start":{"line":79,"column":0},"end":{"line":79,"column":24}},"79":{"start":{"line":80,"column":0},"end":{"line":80,"column":12}},"80":{"start":{"line":81,"column":0},"end":{"line":81,"column":16}},"81":{"start":{"line":82,"column":0},"end":{"line":82,"column":21}},"82":{"start":{"line":83,"column":0},"end":{"line":83,"column":5}},"83":{"start":{"line":84,"column":0},"end":{"line":84,"column":3}},"84":{"start":{"line":85,"column":0},"end":{"line":85,"column":0}},"85":{"start":{"line":86,"column":0},"end":{"line":86,"column":5}},"86":{"start":{"line":87,"column":0},"end":{"line":87,"column":14}},"87":{"start":{"line":88,"column":0},"end":{"line":88,"column":18}},"88":{"start":{"line":89,"column":0},"end":{"line":89,"column":18}},"89":{"start":{"line":90,"column":0},"end":{"line":90,"column":18}},"90":{"start":{"line":91,"column":0},"end":{"line":91,"column":5}},"91":{"start":{"line":92,"column":0},"end":{"line":92,"column":29}},"92":{"start":{"line":93,"column":0},"end":{"line":93,"column":14}},"93":{"start":{"line":94,"column":0},"end":{"line":94,"column":14}},"94":{"start":{"line":95,"column":0},"end":{"line":95,"column":15}},"95":{"start":{"line":96,"column":0},"end":{"line":96,"column":3}},"96":{"start":{"line":97,"column":0},"end":{"line":97,"column":0}},"97":{"start":{"line":98,"column":0},"end":{"line":98,"column":5}},"98":{"start":{"line":99,"column":0},"end":{"line":99,"column":16}},"99":{"start":{"line":100,"column":0},"end":{"line":100,"column":20}},"100":{"start":{"line":101,"column":0},"end":{"line":101,"column":18}},"101":{"start":{"line":102,"column":0},"end":{"line":102,"column":5}},"102":{"start":{"line":103,"column":0},"end":{"line":103,"column":22}},"103":{"start":{"line":104,"column":0},"end":{"line":104,"column":18}},"104":{"start":{"line":105,"column":0},"end":{"line":105,"column":18}},"105":{"start":{"line":106,"column":0},"end":{"line":106,"column":15}},"106":{"start":{"line":107,"column":0},"end":{"line":107,"column":3}},"107":{"start":{"line":108,"column":0},"end":{"line":108,"column":0}},"108":{"start":{"line":109,"column":0},"end":{"line":109,"column":5}},"109":{"start":{"line":110,"column":0},"end":{"line":110,"column":17}},"110":{"start":{"line":111,"column":0},"end":{"line":111,"column":25}},"111":{"start":{"line":112,"column":0},"end":{"line":112,"column":5}},"112":{"start":{"line":113,"column":0},"end":{"line":113,"column":11}},"113":{"start":{"line":114,"column":0},"end":{"line":114,"column":38}},"114":{"start":{"line":115,"column":0},"end":{"line":115,"column":3}},"115":{"start":{"line":116,"column":0},"end":{"line":116,"column":0}},"116":{"start":{"line":117,"column":0},"end":{"line":117,"column":5}},"117":{"start":{"line":118,"column":0},"end":{"line":118,"column":9}},"118":{"start":{"line":119,"column":0},"end":{"line":119,"column":18}},"119":{"start":{"line":120,"column":0},"end":{"line":120,"column":18}},"120":{"start":{"line":121,"column":0},"end":{"line":121,"column":5}},"121":{"start":{"line":122,"column":0},"end":{"line":122,"column":21}},"122":{"start":{"line":123,"column":0},"end":{"line":123,"column":19}},"123":{"start":{"line":124,"column":0},"end":{"line":124,"column":19}},"124":{"start":{"line":125,"column":0},"end":{"line":125,"column":0}},"125":{"start":{"line":126,"column":0},"end":{"line":126,"column":15}},"126":{"start":{"line":127,"column":0},"end":{"line":127,"column":3}},"127":{"start":{"line":128,"column":0},"end":{"line":128,"column":0}},"128":{"start":{"line":129,"column":0},"end":{"line":129,"column":5}},"129":{"start":{"line":130,"column":0},"end":{"line":130,"column":17}},"130":{"start":{"line":131,"column":0},"end":{"line":131,"column":15}},"131":{"start":{"line":132,"column":0},"end":{"line":132,"column":18}},"132":{"start":{"line":133,"column":0},"end":{"line":133,"column":5}},"133":{"start":{"line":134,"column":0},"end":{"line":134,"column":25}},"134":{"start":{"line":135,"column":0},"end":{"line":135,"column":17}},"135":{"start":{"line":136,"column":0},"end":{"line":136,"column":17}},"136":{"start":{"line":137,"column":0},"end":{"line":137,"column":15}},"137":{"start":{"line":138,"column":0},"end":{"line":138,"column":3}},"138":{"start":{"line":139,"column":0},"end":{"line":139,"column":0}},"139":{"start":{"line":140,"column":0},"end":{"line":140,"column":5}},"140":{"start":{"line":141,"column":0},"end":{"line":141,"column":9}},"141":{"start":{"line":142,"column":0},"end":{"line":142,"column":18}},"142":{"start":{"line":143,"column":0},"end":{"line":143,"column":18}},"143":{"start":{"line":144,"column":0},"end":{"line":144,"column":5}},"144":{"start":{"line":145,"column":0},"end":{"line":145,"column":21}},"145":{"start":{"line":146,"column":0},"end":{"line":146,"column":19}},"146":{"start":{"line":147,"column":0},"end":{"line":147,"column":19}},"147":{"start":{"line":148,"column":0},"end":{"line":148,"column":15}},"148":{"start":{"line":149,"column":0},"end":{"line":149,"column":3}},"149":{"start":{"line":150,"column":0},"end":{"line":150,"column":0}},"150":{"start":{"line":151,"column":0},"end":{"line":151,"column":5}},"151":{"start":{"line":152,"column":0},"end":{"line":152,"column":9}},"152":{"start":{"line":153,"column":0},"end":{"line":153,"column":18}},"153":{"start":{"line":154,"column":0},"end":{"line":154,"column":18}},"154":{"start":{"line":155,"column":0},"end":{"line":155,"column":5}},"155":{"start":{"line":156,"column":0},"end":{"line":156,"column":26}},"156":{"start":{"line":157,"column":0},"end":{"line":157,"column":19}},"157":{"start":{"line":158,"column":0},"end":{"line":158,"column":19}},"158":{"start":{"line":159,"column":0},"end":{"line":159,"column":15}},"159":{"start":{"line":160,"column":0},"end":{"line":160,"column":3}},"160":{"start":{"line":161,"column":0},"end":{"line":161,"column":0}},"161":{"start":{"line":162,"column":0},"end":{"line":162,"column":5}},"162":{"start":{"line":163,"column":0},"end":{"line":163,"column":23}},"163":{"start":{"line":164,"column":0},"end":{"line":164,"column":22}},"164":{"start":{"line":165,"column":0},"end":{"line":165,"column":18}},"165":{"start":{"line":166,"column":0},"end":{"line":166,"column":5}},"166":{"start":{"line":167,"column":0},"end":{"line":167,"column":34}},"167":{"start":{"line":168,"column":0},"end":{"line":168,"column":20}},"168":{"start":{"line":169,"column":0},"end":{"line":169,"column":20}},"169":{"start":{"line":170,"column":0},"end":{"line":170,"column":0}},"170":{"start":{"line":171,"column":0},"end":{"line":171,"column":15}},"171":{"start":{"line":172,"column":0},"end":{"line":172,"column":3}},"172":{"start":{"line":173,"column":0},"end":{"line":173,"column":0}},"173":{"start":{"line":174,"column":0},"end":{"line":174,"column":5}},"174":{"start":{"line":175,"column":0},"end":{"line":175,"column":9}},"175":{"start":{"line":176,"column":0},"end":{"line":176,"column":18}},"176":{"start":{"line":177,"column":0},"end":{"line":177,"column":18}},"177":{"start":{"line":178,"column":0},"end":{"line":178,"column":5}},"178":{"start":{"line":179,"column":0},"end":{"line":179,"column":24}},"179":{"start":{"line":180,"column":0},"end":{"line":180,"column":19}},"180":{"start":{"line":181,"column":0},"end":{"line":181,"column":19}},"181":{"start":{"line":182,"column":0},"end":{"line":182,"column":0}},"182":{"start":{"line":183,"column":0},"end":{"line":183,"column":15}},"183":{"start":{"line":184,"column":0},"end":{"line":184,"column":3}},"184":{"start":{"line":185,"column":0},"end":{"line":185,"column":0}},"185":{"start":{"line":186,"column":0},"end":{"line":186,"column":5}},"186":{"start":{"line":187,"column":0},"end":{"line":187,"column":12}},"187":{"start":{"line":188,"column":0},"end":{"line":188,"column":22}},"188":{"start":{"line":189,"column":0},"end":{"line":189,"column":18}},"189":{"start":{"line":190,"column":0},"end":{"line":190,"column":5}},"190":{"start":{"line":191,"column":0},"end":{"line":191,"column":32}},"191":{"start":{"line":192,"column":0},"end":{"line":192,"column":42}},"192":{"start":{"line":193,"column":0},"end":{"line":193,"column":3}},"193":{"start":{"line":194,"column":0},"end":{"line":194,"column":0}},"194":{"start":{"line":195,"column":0},"end":{"line":195,"column":5}},"195":{"start":{"line":196,"column":0},"end":{"line":196,"column":31}},"196":{"start":{"line":197,"column":0},"end":{"line":197,"column":18}},"197":{"start":{"line":198,"column":0},"end":{"line":198,"column":21}},"198":{"start":{"line":199,"column":0},"end":{"line":199,"column":5}},"199":{"start":{"line":200,"column":0},"end":{"line":200,"column":21}},"200":{"start":{"line":201,"column":0},"end":{"line":201,"column":42}},"201":{"start":{"line":202,"column":0},"end":{"line":202,"column":3}},"202":{"start":{"line":203,"column":0},"end":{"line":203,"column":0}},"203":{"start":{"line":204,"column":0},"end":{"line":204,"column":5}},"204":{"start":{"line":205,"column":0},"end":{"line":205,"column":11}},"205":{"start":{"line":206,"column":0},"end":{"line":206,"column":26}},"206":{"start":{"line":207,"column":0},"end":{"line":207,"column":18}},"207":{"start":{"line":208,"column":0},"end":{"line":208,"column":21}},"208":{"start":{"line":209,"column":0},"end":{"line":209,"column":5}},"209":{"start":{"line":210,"column":0},"end":{"line":210,"column":23}},"210":{"start":{"line":211,"column":0},"end":{"line":211,"column":42}},"211":{"start":{"line":212,"column":0},"end":{"line":212,"column":3}},"212":{"start":{"line":213,"column":0},"end":{"line":213,"column":0}},"213":{"start":{"line":214,"column":0},"end":{"line":214,"column":5}},"214":{"start":{"line":215,"column":0},"end":{"line":215,"column":12}},"215":{"start":{"line":216,"column":0},"end":{"line":216,"column":27}},"216":{"start":{"line":217,"column":0},"end":{"line":217,"column":5}},"217":{"start":{"line":218,"column":0},"end":{"line":218,"column":14}},"218":{"start":{"line":219,"column":0},"end":{"line":219,"column":44}},"219":{"start":{"line":220,"column":0},"end":{"line":220,"column":3}},"220":{"start":{"line":221,"column":0},"end":{"line":221,"column":0}},"221":{"start":{"line":222,"column":0},"end":{"line":222,"column":5}},"222":{"start":{"line":223,"column":0},"end":{"line":223,"column":9}},"223":{"start":{"line":224,"column":0},"end":{"line":224,"column":19}},"224":{"start":{"line":225,"column":0},"end":{"line":225,"column":5}},"225":{"start":{"line":226,"column":0},"end":{"line":226,"column":12}},"226":{"start":{"line":227,"column":0},"end":{"line":227,"column":55}},"227":{"start":{"line":228,"column":0},"end":{"line":228,"column":3}},"228":{"start":{"line":229,"column":0},"end":{"line":229,"column":0}},"229":{"start":{"line":230,"column":0},"end":{"line":230,"column":5}},"230":{"start":{"line":231,"column":0},"end":{"line":231,"column":20}},"231":{"start":{"line":232,"column":0},"end":{"line":232,"column":22}},"232":{"start":{"line":233,"column":0},"end":{"line":233,"column":5}},"233":{"start":{"line":234,"column":0},"end":{"line":234,"column":15}},"234":{"start":{"line":235,"column":0},"end":{"line":235,"column":48}},"235":{"start":{"line":236,"column":0},"end":{"line":236,"column":3}},"236":{"start":{"line":237,"column":0},"end":{"line":237,"column":0}},"237":{"start":{"line":238,"column":0},"end":{"line":238,"column":5}},"238":{"start":{"line":239,"column":0},"end":{"line":239,"column":9}},"239":{"start":{"line":240,"column":0},"end":{"line":240,"column":18}},"240":{"start":{"line":241,"column":0},"end":{"line":241,"column":5}},"241":{"start":{"line":242,"column":0},"end":{"line":242,"column":11}},"242":{"start":{"line":243,"column":0},"end":{"line":243,"column":31}},"243":{"start":{"line":244,"column":0},"end":{"line":244,"column":31}},"244":{"start":{"line":245,"column":0},"end":{"line":245,"column":15}},"245":{"start":{"line":246,"column":0},"end":{"line":246,"column":3}},"246":{"start":{"line":247,"column":0},"end":{"line":247,"column":5}},"247":{"start":{"line":248,"column":0},"end":{"line":248,"column":11}},"248":{"start":{"line":249,"column":0},"end":{"line":249,"column":26}},"249":{"start":{"line":250,"column":0},"end":{"line":250,"column":5}},"250":{"start":{"line":251,"column":0},"end":{"line":251,"column":24}},"251":{"start":{"line":252,"column":0},"end":{"line":252,"column":48}},"252":{"start":{"line":253,"column":0},"end":{"line":253,"column":48}},"253":{"start":{"line":254,"column":0},"end":{"line":254,"column":0}},"254":{"start":{"line":255,"column":0},"end":{"line":255,"column":15}},"255":{"start":{"line":256,"column":0},"end":{"line":256,"column":3}},"256":{"start":{"line":257,"column":0},"end":{"line":257,"column":0}},"257":{"start":{"line":258,"column":0},"end":{"line":258,"column":5}},"258":{"start":{"line":259,"column":0},"end":{"line":259,"column":19}},"259":{"start":{"line":260,"column":0},"end":{"line":260,"column":18}},"260":{"start":{"line":261,"column":0},"end":{"line":261,"column":5}},"261":{"start":{"line":262,"column":0},"end":{"line":262,"column":13}},"262":{"start":{"line":263,"column":0},"end":{"line":263,"column":30}},"263":{"start":{"line":264,"column":0},"end":{"line":264,"column":30}},"264":{"start":{"line":265,"column":0},"end":{"line":265,"column":0}},"265":{"start":{"line":266,"column":0},"end":{"line":266,"column":15}},"266":{"start":{"line":267,"column":0},"end":{"line":267,"column":3}},"267":{"start":{"line":268,"column":0},"end":{"line":268,"column":0}},"268":{"start":{"line":269,"column":0},"end":{"line":269,"column":5}},"269":{"start":{"line":270,"column":0},"end":{"line":270,"column":12}},"270":{"start":{"line":271,"column":0},"end":{"line":271,"column":18}},"271":{"start":{"line":272,"column":0},"end":{"line":272,"column":18}},"272":{"start":{"line":273,"column":0},"end":{"line":273,"column":5}},"273":{"start":{"line":274,"column":0},"end":{"line":274,"column":21}},"274":{"start":{"line":275,"column":0},"end":{"line":275,"column":36}},"275":{"start":{"line":276,"column":0},"end":{"line":276,"column":36}},"276":{"start":{"line":277,"column":0},"end":{"line":277,"column":15}},"277":{"start":{"line":278,"column":0},"end":{"line":278,"column":3}},"278":{"start":{"line":279,"column":0},"end":{"line":279,"column":0}},"279":{"start":{"line":280,"column":0},"end":{"line":280,"column":5}},"280":{"start":{"line":281,"column":0},"end":{"line":281,"column":11}},"281":{"start":{"line":282,"column":0},"end":{"line":282,"column":18}},"282":{"start":{"line":283,"column":0},"end":{"line":283,"column":18}},"283":{"start":{"line":284,"column":0},"end":{"line":284,"column":5}},"284":{"start":{"line":285,"column":0},"end":{"line":285,"column":21}},"285":{"start":{"line":286,"column":0},"end":{"line":286,"column":36}},"286":{"start":{"line":287,"column":0},"end":{"line":287,"column":36}},"287":{"start":{"line":288,"column":0},"end":{"line":288,"column":0}},"288":{"start":{"line":289,"column":0},"end":{"line":289,"column":15}},"289":{"start":{"line":290,"column":0},"end":{"line":290,"column":3}},"290":{"start":{"line":291,"column":0},"end":{"line":291,"column":0}},"291":{"start":{"line":292,"column":0},"end":{"line":292,"column":5}},"292":{"start":{"line":293,"column":0},"end":{"line":293,"column":11}},"293":{"start":{"line":294,"column":0},"end":{"line":294,"column":18}},"294":{"start":{"line":295,"column":0},"end":{"line":295,"column":18}},"295":{"start":{"line":296,"column":0},"end":{"line":296,"column":5}},"296":{"start":{"line":297,"column":0},"end":{"line":297,"column":24}},"297":{"start":{"line":298,"column":0},"end":{"line":298,"column":47}},"298":{"start":{"line":299,"column":0},"end":{"line":299,"column":3}},"299":{"start":{"line":300,"column":0},"end":{"line":300,"column":0}},"300":{"start":{"line":301,"column":0},"end":{"line":301,"column":5}},"301":{"start":{"line":302,"column":0},"end":{"line":302,"column":16}},"302":{"start":{"line":303,"column":0},"end":{"line":303,"column":19}},"303":{"start":{"line":304,"column":0},"end":{"line":304,"column":5}},"304":{"start":{"line":305,"column":0},"end":{"line":305,"column":31}},"305":{"start":{"line":306,"column":0},"end":{"line":306,"column":27}},"306":{"start":{"line":307,"column":0},"end":{"line":307,"column":3}},"307":{"start":{"line":308,"column":0},"end":{"line":308,"column":0}},"308":{"start":{"line":309,"column":0},"end":{"line":309,"column":5}},"309":{"start":{"line":310,"column":0},"end":{"line":310,"column":9}},"310":{"start":{"line":311,"column":0},"end":{"line":311,"column":17}},"311":{"start":{"line":312,"column":0},"end":{"line":312,"column":5}},"312":{"start":{"line":313,"column":0},"end":{"line":313,"column":14}},"313":{"start":{"line":314,"column":0},"end":{"line":314,"column":32}},"314":{"start":{"line":315,"column":0},"end":{"line":315,"column":3}},"315":{"start":{"line":316,"column":0},"end":{"line":316,"column":1}}},"s":{"0":1,"1":44,"2":44,"3":44,"4":44,"5":44,"6":44,"7":44,"8":44,"9":44,"10":53,"11":53,"12":44,"13":44,"14":44,"15":44,"16":69,"17":69,"18":44,"19":44,"20":44,"21":44,"22":53,"23":53,"24":44,"25":44,"26":44,"27":44,"28":69,"29":69,"30":44,"31":44,"32":44,"33":44,"34":44,"35":44,"36":44,"37":44,"38":1,"39":1,"40":44,"41":44,"42":44,"43":44,"44":44,"45":44,"46":44,"47":44,"48":1,"49":1,"50":44,"51":44,"52":44,"53":44,"54":44,"55":44,"56":44,"57":2,"58":2,"59":2,"60":2,"61":2,"62":2,"63":44,"64":44,"65":44,"66":44,"67":44,"68":44,"69":44,"70":44,"71":37,"72":37,"73":44,"74":1,"75":1,"76":7,"77":1,"78":1,"79":6,"80":5,"81":5,"82":5,"83":44,"84":44,"85":44,"86":44,"87":44,"88":44,"89":44,"90":44,"91":44,"92":5,"93":5,"94":5,"95":5,"96":44,"97":44,"98":44,"99":44,"100":44,"101":44,"102":44,"103":1,"104":1,"105":1,"106":1,"107":44,"108":44,"109":44,"110":44,"111":44,"112":44,"113":3,"114":3,"115":44,"116":44,"117":44,"118":44,"119":44,"120":44,"121":44,"122":2,"123":2,"124":2,"125":2,"126":2,"127":44,"128":44,"129":44,"130":44,"131":44,"132":44,"133":44,"134":1,"135":1,"136":1,"137":1,"138":44,"139":44,"140":44,"141":44,"142":44,"143":44,"144":44,"145":2,"146":2,"147":2,"148":2,"149":44,"150":44,"151":44,"152":44,"153":44,"154":44,"155":44,"156":1,"157":1,"158":1,"159":1,"160":44,"161":44,"162":44,"163":44,"164":44,"165":44,"166":44,"167":4,"168":4,"169":4,"170":4,"171":4,"172":44,"173":44,"174":44,"175":44,"176":44,"177":44,"178":44,"179":1,"180":1,"181":1,"182":1,"183":1,"184":44,"185":44,"186":44,"187":44,"188":44,"189":44,"190":44,"191":3,"192":3,"193":44,"194":44,"195":44,"196":44,"197":44,"198":44,"199":44,"200":1,"201":1,"202":44,"203":44,"204":44,"205":44,"206":44,"207":44,"208":44,"209":44,"210":1,"211":1,"212":44,"213":44,"214":44,"215":44,"216":44,"217":44,"218":1,"219":1,"220":44,"221":44,"222":44,"223":44,"224":44,"225":44,"226":4,"227":4,"228":44,"229":44,"230":44,"231":44,"232":44,"233":44,"234":2,"235":2,"236":44,"237":44,"238":44,"239":44,"240":44,"241":44,"242":1,"243":1,"244":1,"245":1,"246":44,"247":44,"248":44,"249":44,"250":44,"251":1,"252":1,"253":1,"254":1,"255":1,"256":44,"257":44,"258":44,"259":44,"260":44,"261":44,"262":1,"263":1,"264":1,"265":1,"266":1,"267":44,"268":44,"269":44,"270":44,"271":44,"272":44,"273":44,"274":1,"275":1,"276":1,"277":1,"278":44,"279":44,"280":44,"281":44,"282":44,"283":44,"284":44,"285":1,"286":1,"287":1,"288":1,"289":1,"290":44,"291":44,"292":44,"293":44,"294":44,"295":44,"296":44,"297":1,"298":1,"299":44,"300":44,"301":44,"302":44,"303":44,"304":44,"305":1,"306":1,"307":44,"308":44,"309":44,"310":44,"311":44,"312":44,"313":1,"314":1,"315":44},"branchMap":{"0":{"type":"branch","line":2,"loc":{"start":{"line":2,"column":0},"end":{"line":316,"column":1}},"locations":[{"start":{"line":2,"column":0},"end":{"line":316,"column":1}}]},"1":{"type":"branch","line":10,"loc":{"start":{"line":10,"column":2},"end":{"line":12,"column":3}},"locations":[{"start":{"line":10,"column":2},"end":{"line":12,"column":3}}]},"2":{"type":"branch","line":16,"loc":{"start":{"line":16,"column":2},"end":{"line":18,"column":3}},"locations":[{"start":{"line":16,"column":2},"end":{"line":18,"column":3}}]},"3":{"type":"branch","line":22,"loc":{"start":{"line":22,"column":2},"end":{"line":24,"column":3}},"locations":[{"start":{"line":22,"column":2},"end":{"line":24,"column":3}}]},"4":{"type":"branch","line":28,"loc":{"start":{"line":28,"column":2},"end":{"line":30,"column":3}},"locations":[{"start":{"line":28,"column":2},"end":{"line":30,"column":3}}]},"5":{"type":"branch","line":38,"loc":{"start":{"line":38,"column":9},"end":{"line":40,"column":3}},"locations":[{"start":{"line":38,"column":9},"end":{"line":40,"column":3}}]},"6":{"type":"branch","line":48,"loc":{"start":{"line":48,"column":9},"end":{"line":50,"column":3}},"locations":[{"start":{"line":48,"column":9},"end":{"line":50,"column":3}}]},"7":{"type":"branch","line":57,"loc":{"start":{"line":57,"column":9},"end":{"line":63,"column":3}},"locations":[{"start":{"line":57,"column":9},"end":{"line":63,"column":3}}]},"8":{"type":"branch","line":59,"loc":{"start":{"line":59,"column":20},"end":{"line":59,"column":25}},"locations":[{"start":{"line":59,"column":20},"end":{"line":59,"column":25}}]},"9":{"type":"branch","line":60,"loc":{"start":{"line":60,"column":20},"end":{"line":60,"column":25}},"locations":[{"start":{"line":60,"column":20},"end":{"line":60,"column":25}}]},"10":{"type":"branch","line":70,"loc":{"start":{"line":70,"column":2},"end":{"line":84,"column":3}},"locations":[{"start":{"line":70,"column":2},"end":{"line":84,"column":3}}]},"11":{"type":"branch","line":71,"loc":{"start":{"line":71,"column":31},"end":{"line":74,"column":11}},"locations":[{"start":{"line":71,"column":31},"end":{"line":74,"column":11}}]},"12":{"type":"branch","line":72,"loc":{"start":{"line":72,"column":16},"end":{"line":72,"column":21}},"locations":[{"start":{"line":72,"column":16},"end":{"line":72,"column":21}}]},"13":{"type":"branch","line":73,"loc":{"start":{"line":73,"column":16},"end":{"line":73,"column":21}},"locations":[{"start":{"line":73,"column":16},"end":{"line":73,"column":21}}]},"14":{"type":"branch","line":74,"loc":{"start":{"line":74,"column":5},"end":{"line":83,"column":5}},"locations":[{"start":{"line":74,"column":5},"end":{"line":83,"column":5}}]},"15":{"type":"branch","line":74,"loc":{"start":{"line":74,"column":37},"end":{"line":77,"column":11}},"locations":[{"start":{"line":74,"column":37},"end":{"line":77,"column":11}}]},"16":{"type":"branch","line":77,"loc":{"start":{"line":77,"column":5},"end":{"line":83,"column":5}},"locations":[{"start":{"line":77,"column":5},"end":{"line":83,"column":5}}]},"17":{"type":"branch","line":77,"loc":{"start":{"line":77,"column":33},"end":{"line":80,"column":11}},"locations":[{"start":{"line":77,"column":33},"end":{"line":80,"column":11}}]},"18":{"type":"branch","line":80,"loc":{"start":{"line":80,"column":5},"end":{"line":83,"column":5}},"locations":[{"start":{"line":80,"column":5},"end":{"line":83,"column":5}}]},"19":{"type":"branch","line":92,"loc":{"start":{"line":92,"column":2},"end":{"line":96,"column":3}},"locations":[{"start":{"line":92,"column":2},"end":{"line":96,"column":3}}]},"20":{"type":"branch","line":103,"loc":{"start":{"line":103,"column":2},"end":{"line":107,"column":3}},"locations":[{"start":{"line":103,"column":2},"end":{"line":107,"column":3}}]},"21":{"type":"branch","line":113,"loc":{"start":{"line":113,"column":2},"end":{"line":115,"column":3}},"locations":[{"start":{"line":113,"column":2},"end":{"line":115,"column":3}}]},"22":{"type":"branch","line":122,"loc":{"start":{"line":122,"column":2},"end":{"line":127,"column":3}},"locations":[{"start":{"line":122,"column":2},"end":{"line":127,"column":3}}]},"23":{"type":"branch","line":134,"loc":{"start":{"line":134,"column":2},"end":{"line":138,"column":3}},"locations":[{"start":{"line":134,"column":2},"end":{"line":138,"column":3}}]},"24":{"type":"branch","line":145,"loc":{"start":{"line":145,"column":2},"end":{"line":149,"column":3}},"locations":[{"start":{"line":145,"column":2},"end":{"line":149,"column":3}}]},"25":{"type":"branch","line":156,"loc":{"start":{"line":156,"column":2},"end":{"line":160,"column":3}},"locations":[{"start":{"line":156,"column":2},"end":{"line":160,"column":3}}]},"26":{"type":"branch","line":167,"loc":{"start":{"line":167,"column":2},"end":{"line":172,"column":3}},"locations":[{"start":{"line":167,"column":2},"end":{"line":172,"column":3}}]},"27":{"type":"branch","line":179,"loc":{"start":{"line":179,"column":2},"end":{"line":184,"column":3}},"locations":[{"start":{"line":179,"column":2},"end":{"line":184,"column":3}}]},"28":{"type":"branch","line":191,"loc":{"start":{"line":191,"column":2},"end":{"line":193,"column":3}},"locations":[{"start":{"line":191,"column":2},"end":{"line":193,"column":3}}]},"29":{"type":"branch","line":200,"loc":{"start":{"line":200,"column":2},"end":{"line":202,"column":3}},"locations":[{"start":{"line":200,"column":2},"end":{"line":202,"column":3}}]},"30":{"type":"branch","line":210,"loc":{"start":{"line":210,"column":2},"end":{"line":212,"column":3}},"locations":[{"start":{"line":210,"column":2},"end":{"line":212,"column":3}}]},"31":{"type":"branch","line":218,"loc":{"start":{"line":218,"column":2},"end":{"line":220,"column":3}},"locations":[{"start":{"line":218,"column":2},"end":{"line":220,"column":3}}]},"32":{"type":"branch","line":226,"loc":{"start":{"line":226,"column":2},"end":{"line":228,"column":3}},"locations":[{"start":{"line":226,"column":2},"end":{"line":228,"column":3}}]},"33":{"type":"branch","line":234,"loc":{"start":{"line":234,"column":2},"end":{"line":236,"column":3}},"locations":[{"start":{"line":234,"column":2},"end":{"line":236,"column":3}}]},"34":{"type":"branch","line":235,"loc":{"start":{"line":235,"column":42},"end":{"line":235,"column":47}},"locations":[{"start":{"line":235,"column":42},"end":{"line":235,"column":47}}]},"35":{"type":"branch","line":242,"loc":{"start":{"line":242,"column":2},"end":{"line":246,"column":3}},"locations":[{"start":{"line":242,"column":2},"end":{"line":246,"column":3}}]},"36":{"type":"branch","line":251,"loc":{"start":{"line":251,"column":2},"end":{"line":256,"column":3}},"locations":[{"start":{"line":251,"column":2},"end":{"line":256,"column":3}}]},"37":{"type":"branch","line":262,"loc":{"start":{"line":262,"column":2},"end":{"line":267,"column":3}},"locations":[{"start":{"line":262,"column":2},"end":{"line":267,"column":3}}]},"38":{"type":"branch","line":274,"loc":{"start":{"line":274,"column":2},"end":{"line":278,"column":3}},"locations":[{"start":{"line":274,"column":2},"end":{"line":278,"column":3}}]},"39":{"type":"branch","line":285,"loc":{"start":{"line":285,"column":2},"end":{"line":290,"column":3}},"locations":[{"start":{"line":285,"column":2},"end":{"line":290,"column":3}}]},"40":{"type":"branch","line":297,"loc":{"start":{"line":297,"column":2},"end":{"line":299,"column":3}},"locations":[{"start":{"line":297,"column":2},"end":{"line":299,"column":3}}]},"41":{"type":"branch","line":305,"loc":{"start":{"line":305,"column":2},"end":{"line":307,"column":3}},"locations":[{"start":{"line":305,"column":2},"end":{"line":307,"column":3}}]},"42":{"type":"branch","line":313,"loc":{"start":{"line":313,"column":2},"end":{"line":315,"column":3}},"locations":[{"start":{"line":313,"column":2},"end":{"line":315,"column":3}}]}},"b":{"0":[44],"1":[53],"2":[69],"3":[53],"4":[69],"5":[1],"6":[1],"7":[2],"8":[1],"9":[1],"10":[44],"11":[37],"12":[2],"13":[2],"14":[7],"15":[1],"16":[6],"17":[1],"18":[5],"19":[5],"20":[1],"21":[3],"22":[2],"23":[1],"24":[2],"25":[1],"26":[4],"27":[1],"28":[3],"29":[1],"30":[1],"31":[1],"32":[4],"33":[2],"34":[1],"35":[1],"36":[1],"37":[1],"38":[1],"39":[1],"40":[1],"41":[1],"42":[1]},"fnMap":{"0":{"name":"<instance_members_initializer>","decl":{"start":{"line":2,"column":0},"end":{"line":316,"column":1}},"loc":{"start":{"line":2,"column":0},"end":{"line":316,"column":1}},"line":2},"1":{"name":"get x","decl":{"start":{"line":10,"column":2},"end":{"line":12,"column":3}},"loc":{"start":{"line":10,"column":2},"end":{"line":12,"column":3}},"line":10},"2":{"name":"set x","decl":{"start":{"line":16,"column":2},"end":{"line":18,"column":3}},"loc":{"start":{"line":16,"column":2},"end":{"line":18,"column":3}},"line":16},"3":{"name":"get y","decl":{"start":{"line":22,"column":2},"end":{"line":24,"column":3}},"loc":{"start":{"line":22,"column":2},"end":{"line":24,"column":3}},"line":22},"4":{"name":"set y","decl":{"start":{"line":28,"column":2},"end":{"line":30,"column":3}},"loc":{"start":{"line":28,"column":2},"end":{"line":30,"column":3}},"line":28},"5":{"name":"addVectors","decl":{"start":{"line":38,"column":9},"end":{"line":40,"column":3}},"loc":{"start":{"line":38,"column":9},"end":{"line":40,"column":3}},"line":38},"6":{"name":"subVectors","decl":{"start":{"line":48,"column":9},"end":{"line":50,"column":3}},"loc":{"start":{"line":48,"column":9},"end":{"line":50,"column":3}},"line":48},"7":{"name":"parseFromArray","decl":{"start":{"line":57,"column":9},"end":{"line":63,"column":3}},"loc":{"start":{"line":57,"column":9},"end":{"line":63,"column":3}},"line":57},"8":{"name":"Vector2","decl":{"start":{"line":70,"column":2},"end":{"line":84,"column":3}},"loc":{"start":{"line":70,"column":2},"end":{"line":84,"column":3}},"line":70},"9":{"name":"set","decl":{"start":{"line":92,"column":2},"end":{"line":96,"column":3}},"loc":{"start":{"line":92,"column":2},"end":{"line":96,"column":3}},"line":92},"10":{"name":"copy","decl":{"start":{"line":103,"column":2},"end":{"line":107,"column":3}},"loc":{"start":{"line":103,"column":2},"end":{"line":107,"column":3}},"line":103},"11":{"name":"clone","decl":{"start":{"line":113,"column":2},"end":{"line":115,"column":3}},"loc":{"start":{"line":113,"column":2},"end":{"line":115,"column":3}},"line":113},"12":{"name":"add","decl":{"start":{"line":122,"column":2},"end":{"line":127,"column":3}},"loc":{"start":{"line":122,"column":2},"end":{"line":127,"column":3}},"line":122},"13":{"name":"addValue","decl":{"start":{"line":134,"column":2},"end":{"line":138,"column":3}},"loc":{"start":{"line":134,"column":2},"end":{"line":138,"column":3}},"line":134},"14":{"name":"sub","decl":{"start":{"line":145,"column":2},"end":{"line":149,"column":3}},"loc":{"start":{"line":145,"column":2},"end":{"line":149,"column":3}},"line":145},"15":{"name":"multiply","decl":{"start":{"line":156,"column":2},"end":{"line":160,"column":3}},"loc":{"start":{"line":156,"column":2},"end":{"line":160,"column":3}},"line":156},"16":{"name":"multiplyScalar","decl":{"start":{"line":167,"column":2},"end":{"line":172,"column":3}},"loc":{"start":{"line":167,"column":2},"end":{"line":172,"column":3}},"line":167},"17":{"name":"divide","decl":{"start":{"line":179,"column":2},"end":{"line":184,"column":3}},"loc":{"start":{"line":179,"column":2},"end":{"line":184,"column":3}},"line":179},"18":{"name":"divideScalar","decl":{"start":{"line":191,"column":2},"end":{"line":193,"column":3}},"loc":{"start":{"line":191,"column":2},"end":{"line":193,"column":3}},"line":191},"19":{"name":"dot","decl":{"start":{"line":200,"column":2},"end":{"line":202,"column":3}},"loc":{"start":{"line":200,"column":2},"end":{"line":202,"column":3}},"line":200},"20":{"name":"cross","decl":{"start":{"line":210,"column":2},"end":{"line":212,"column":3}},"loc":{"start":{"line":210,"column":2},"end":{"line":212,"column":3}},"line":210},"21":{"name":"lengthSq","decl":{"start":{"line":218,"column":2},"end":{"line":220,"column":3}},"loc":{"start":{"line":218,"column":2},"end":{"line":220,"column":3}},"line":218},"22":{"name":"length","decl":{"start":{"line":226,"column":2},"end":{"line":228,"column":3}},"loc":{"start":{"line":226,"column":2},"end":{"line":228,"column":3}},"line":226},"23":{"name":"normalize","decl":{"start":{"line":234,"column":2},"end":{"line":236,"column":3}},"loc":{"start":{"line":234,"column":2},"end":{"line":236,"column":3}},"line":234},"24":{"name":"round","decl":{"start":{"line":242,"column":2},"end":{"line":246,"column":3}},"loc":{"start":{"line":242,"column":2},"end":{"line":246,"column":3}},"line":242},"25":{"name":"toFixed","decl":{"start":{"line":251,"column":2},"end":{"line":256,"column":3}},"loc":{"start":{"line":251,"column":2},"end":{"line":256,"column":3}},"line":251},"26":{"name":"ceiling","decl":{"start":{"line":262,"column":2},"end":{"line":267,"column":3}},"loc":{"start":{"line":262,"column":2},"end":{"line":267,"column":3}},"line":262},"27":{"name":"min","decl":{"start":{"line":274,"column":2},"end":{"line":278,"column":3}},"loc":{"start":{"line":274,"column":2},"end":{"line":278,"column":3}},"line":274},"28":{"name":"max","decl":{"start":{"line":285,"column":2},"end":{"line":290,"column":3}},"loc":{"start":{"line":285,"column":2},"end":{"line":290,"column":3}},"line":285},"29":{"name":"equals","decl":{"start":{"line":297,"column":2},"end":{"line":299,"column":3}},"loc":{"start":{"line":297,"column":2},"end":{"line":299,"column":3}},"line":297},"30":{"name":"toArray","decl":{"start":{"line":305,"column":2},"end":{"line":307,"column":3}},"loc":{"start":{"line":305,"column":2},"end":{"line":307,"column":3}},"line":305},"31":{"name":"toString","decl":{"start":{"line":313,"column":2},"end":{"line":315,"column":3}},"loc":{"start":{"line":313,"column":2},"end":{"line":315,"column":3}},"line":313}},"f":{"0":44,"1":53,"2":69,"3":53,"4":69,"5":1,"6":1,"7":2,"8":44,"9":5,"10":1,"11":3,"12":2,"13":1,"14":2,"15":1,"16":4,"17":1,"18":3,"19":1,"20":1,"21":1,"22":4,"23":2,"24":1,"25":1,"26":1,"27":1,"28":1,"29":1,"30":1,"31":1}}
,"D:\\projects\\mark-map\\lib\\utils\\index.ts": {"path":"D:\\projects\\mark-map\\lib\\utils\\index.ts","all":false,"statementMap":{"0":{"start":{"line":1,"column":0},"end":{"line":1,"column":25}},"1":{"start":{"line":2,"column":0},"end":{"line":2,"column":0}},"2":{"start":{"line":3,"column":0},"end":{"line":3,"column":35}},"3":{"start":{"line":4,"column":0},"end":{"line":4,"column":13}},"4":{"start":{"line":5,"column":0},"end":{"line":5,"column":1}}},"s":{"0":1,"1":1,"2":1,"3":2,"4":2},"branchMap":{"0":{"type":"branch","line":3,"loc":{"start":{"line":3,"column":28},"end":{"line":5,"column":1}},"locations":[{"start":{"line":3,"column":28},"end":{"line":5,"column":1}}]}},"b":{"0":[2]},"fnMap":{"0":{"name":"generateUUID","decl":{"start":{"line":3,"column":28},"end":{"line":5,"column":1}},"loc":{"start":{"line":3,"column":28},"end":{"line":5,"column":1}},"line":3}},"f":{"0":2}}
}
