{"D:\\projects\\mark-map\\lib\\math\\Vector2.ts": {"path":"D:\\projects\\mark-map\\lib\\math\\Vector2.ts","all":false,"statementMap":{"0":{"start":{"line":1,"column":0},"end":{"line":1,"column":14}},"1":{"start":{"line":2,"column":0},"end":{"line":2,"column":22}},"2":{"start":{"line":3,"column":0},"end":{"line":3,"column":16}},"3":{"start":{"line":4,"column":0},"end":{"line":4,"column":16}},"4":{"start":{"line":5,"column":0},"end":{"line":5,"column":27}},"5":{"start":{"line":6,"column":0},"end":{"line":6,"column":0}},"6":{"start":{"line":7,"column":0},"end":{"line":7,"column":5}},"7":{"start":{"line":8,"column":0},"end":{"line":8,"column":9}},"8":{"start":{"line":9,"column":0},"end":{"line":9,"column":5}},"9":{"start":{"line":10,"column":0},"end":{"line":10,"column":11}},"10":{"start":{"line":11,"column":0},"end":{"line":11,"column":18}},"11":{"start":{"line":12,"column":0},"end":{"line":12,"column":3}},"12":{"start":{"line":13,"column":0},"end":{"line":13,"column":5}},"13":{"start":{"line":14,"column":0},"end":{"line":14,"column":11}},"14":{"start":{"line":15,"column":0},"end":{"line":15,"column":5}},"15":{"start":{"line":16,"column":0},"end":{"line":16,"column":16}},"16":{"start":{"line":17,"column":0},"end":{"line":17,"column":19}},"17":{"start":{"line":18,"column":0},"end":{"line":18,"column":3}},"18":{"start":{"line":19,"column":0},"end":{"line":19,"column":5}},"19":{"start":{"line":20,"column":0},"end":{"line":20,"column":9}},"20":{"start":{"line":21,"column":0},"end":{"line":21,"column":5}},"21":{"start":{"line":22,"column":0},"end":{"line":22,"column":11}},"22":{"start":{"line":23,"column":0},"end":{"line":23,"column":18}},"23":{"start":{"line":24,"column":0},"end":{"line":24,"column":3}},"24":{"start":{"line":25,"column":0},"end":{"line":25,"column":5}},"25":{"start":{"line":26,"column":0},"end":{"line":26,"column":11}},"26":{"start":{"line":27,"column":0},"end":{"line":27,"column":5}},"27":{"start":{"line":28,"column":0},"end":{"line":28,"column":16}},"28":{"start":{"line":29,"column":0},"end":{"line":29,"column":19}},"29":{"start":{"line":30,"column":0},"end":{"line":30,"column":3}},"30":{"start":{"line":31,"column":0},"end":{"line":31,"column":0}},"31":{"start":{"line":32,"column":0},"end":{"line":32,"column":5}},"32":{"start":{"line":33,"column":0},"end":{"line":33,"column":14}},"33":{"start":{"line":34,"column":0},"end":{"line":34,"column":20}},"34":{"start":{"line":35,"column":0},"end":{"line":35,"column":20}},"35":{"start":{"line":36,"column":0},"end":{"line":36,"column":31}},"36":{"start":{"line":37,"column":0},"end":{"line":37,"column":5}},"37":{"start":{"line":38,"column":0},"end":{"line":38,"column":51}},"38":{"start":{"line":39,"column":0},"end":{"line":39,"column":33}},"39":{"start":{"line":40,"column":0},"end":{"line":40,"column":3}},"40":{"start":{"line":41,"column":0},"end":{"line":41,"column":0}},"41":{"start":{"line":42,"column":0},"end":{"line":42,"column":5}},"42":{"start":{"line":43,"column":0},"end":{"line":43,"column":11}},"43":{"start":{"line":44,"column":0},"end":{"line":44,"column":23}},"44":{"start":{"line":45,"column":0},"end":{"line":45,"column":22}},"45":{"start":{"line":46,"column":0},"end":{"line":46,"column":32}},"46":{"start":{"line":47,"column":0},"end":{"line":47,"column":5}},"47":{"start":{"line":48,"column":0},"end":{"line":48,"column":52}},"48":{"start":{"line":49,"column":0},"end":{"line":49,"column":34}},"49":{"start":{"line":50,"column":0},"end":{"line":50,"column":3}},"50":{"start":{"line":51,"column":0},"end":{"line":51,"column":0}},"51":{"start":{"line":52,"column":0},"end":{"line":52,"column":5}},"52":{"start":{"line":53,"column":0},"end":{"line":53,"column":16}},"53":{"start":{"line":54,"column":0},"end":{"line":54,"column":23}},"54":{"start":{"line":55,"column":0},"end":{"line":55,"column":22}},"55":{"start":{"line":56,"column":0},"end":{"line":56,"column":5}},"56":{"start":{"line":57,"column":0},"end":{"line":57,"column":42}},"57":{"start":{"line":58,"column":0},"end":{"line":58,"column":29}},"58":{"start":{"line":59,"column":0},"end":{"line":59,"column":25}},"59":{"start":{"line":60,"column":0},"end":{"line":60,"column":25}},"60":{"start":{"line":61,"column":0},"end":{"line":61,"column":0}},"61":{"start":{"line":62,"column":0},"end":{"line":62,"column":14}},"62":{"start":{"line":63,"column":0},"end":{"line":63,"column":3}},"63":{"start":{"line":64,"column":0},"end":{"line":64,"column":0}},"64":{"start":{"line":65,"column":0},"end":{"line":65,"column":5}},"65":{"start":{"line":66,"column":0},"end":{"line":66,"column":9}},"66":{"start":{"line":67,"column":0},"end":{"line":67,"column":16}},"67":{"start":{"line":68,"column":0},"end":{"line":68,"column":16}},"68":{"start":{"line":69,"column":0},"end":{"line":69,"column":5}},"69":{"start":{"line":70,"column":0},"end":{"line":70,"column":68}},"70":{"start":{"line":71,"column":0},"end":{"line":71,"column":32}},"71":{"start":{"line":72,"column":0},"end":{"line":72,"column":21}},"72":{"start":{"line":73,"column":0},"end":{"line":73,"column":21}},"73":{"start":{"line":74,"column":0},"end":{"line":74,"column":38}},"74":{"start":{"line":75,"column":0},"end":{"line":75,"column":18}},"75":{"start":{"line":76,"column":0},"end":{"line":76,"column":18}},"76":{"start":{"line":77,"column":0},"end":{"line":77,"column":34}},"77":{"start":{"line":78,"column":0},"end":{"line":78,"column":24}},"78":{"start":{"line":79,"column":0},"end":{"line":79,"column":24}},"79":{"start":{"line":80,"column":0},"end":{"line":80,"column":12}},"80":{"start":{"line":81,"column":0},"end":{"line":81,"column":16}},"81":{"start":{"line":82,"column":0},"end":{"line":82,"column":21}},"82":{"start":{"line":83,"column":0},"end":{"line":83,"column":5}},"83":{"start":{"line":84,"column":0},"end":{"line":84,"column":3}},"84":{"start":{"line":85,"column":0},"end":{"line":85,"column":0}},"85":{"start":{"line":86,"column":0},"end":{"line":86,"column":5}},"86":{"start":{"line":87,"column":0},"end":{"line":87,"column":14}},"87":{"start":{"line":88,"column":0},"end":{"line":88,"column":18}},"88":{"start":{"line":89,"column":0},"end":{"line":89,"column":18}},"89":{"start":{"line":90,"column":0},"end":{"line":90,"column":18}},"90":{"start":{"line":91,"column":0},"end":{"line":91,"column":5}},"91":{"start":{"line":92,"column":0},"end":{"line":92,"column":29}},"92":{"start":{"line":93,"column":0},"end":{"line":93,"column":14}},"93":{"start":{"line":94,"column":0},"end":{"line":94,"column":14}},"94":{"start":{"line":95,"column":0},"end":{"line":95,"column":15}},"95":{"start":{"line":96,"column":0},"end":{"line":96,"column":3}},"96":{"start":{"line":97,"column":0},"end":{"line":97,"column":0}},"97":{"start":{"line":98,"column":0},"end":{"line":98,"column":5}},"98":{"start":{"line":99,"column":0},"end":{"line":99,"column":16}},"99":{"start":{"line":100,"column":0},"end":{"line":100,"column":20}},"100":{"start":{"line":101,"column":0},"end":{"line":101,"column":18}},"101":{"start":{"line":102,"column":0},"end":{"line":102,"column":5}},"102":{"start":{"line":103,"column":0},"end":{"line":103,"column":22}},"103":{"start":{"line":104,"column":0},"end":{"line":104,"column":18}},"104":{"start":{"line":105,"column":0},"end":{"line":105,"column":18}},"105":{"start":{"line":106,"column":0},"end":{"line":106,"column":15}},"106":{"start":{"line":107,"column":0},"end":{"line":107,"column":3}},"107":{"start":{"line":108,"column":0},"end":{"line":108,"column":0}},"108":{"start":{"line":109,"column":0},"end":{"line":109,"column":5}},"109":{"start":{"line":110,"column":0},"end":{"line":110,"column":17}},"110":{"start":{"line":111,"column":0},"end":{"line":111,"column":25}},"111":{"start":{"line":112,"column":0},"end":{"line":112,"column":5}},"112":{"start":{"line":113,"column":0},"end":{"line":113,"column":11}},"113":{"start":{"line":114,"column":0},"end":{"line":114,"column":38}},"114":{"start":{"line":115,"column":0},"end":{"line":115,"column":3}},"115":{"start":{"line":116,"column":0},"end":{"line":116,"column":0}},"116":{"start":{"line":117,"column":0},"end":{"line":117,"column":5}},"117":{"start":{"line":118,"column":0},"end":{"line":118,"column":9}},"118":{"start":{"line":119,"column":0},"end":{"line":119,"column":18}},"119":{"start":{"line":120,"column":0},"end":{"line":120,"column":18}},"120":{"start":{"line":121,"column":0},"end":{"line":121,"column":5}},"121":{"start":{"line":122,"column":0},"end":{"line":122,"column":21}},"122":{"start":{"line":123,"column":0},"end":{"line":123,"column":19}},"123":{"start":{"line":124,"column":0},"end":{"line":124,"column":19}},"124":{"start":{"line":125,"column":0},"end":{"line":125,"column":0}},"125":{"start":{"line":126,"column":0},"end":{"line":126,"column":15}},"126":{"start":{"line":127,"column":0},"end":{"line":127,"column":3}},"127":{"start":{"line":128,"column":0},"end":{"line":128,"column":0}},"128":{"start":{"line":129,"column":0},"end":{"line":129,"column":5}},"129":{"start":{"line":130,"column":0},"end":{"line":130,"column":17}},"130":{"start":{"line":131,"column":0},"end":{"line":131,"column":15}},"131":{"start":{"line":132,"column":0},"end":{"line":132,"column":18}},"132":{"start":{"line":133,"column":0},"end":{"line":133,"column":5}},"133":{"start":{"line":134,"column":0},"end":{"line":134,"column":25}},"134":{"start":{"line":135,"column":0},"end":{"line":135,"column":17}},"135":{"start":{"line":136,"column":0},"end":{"line":136,"column":17}},"136":{"start":{"line":137,"column":0},"end":{"line":137,"column":15}},"137":{"start":{"line":138,"column":0},"end":{"line":138,"column":3}},"138":{"start":{"line":139,"column":0},"end":{"line":139,"column":0}},"139":{"start":{"line":140,"column":0},"end":{"line":140,"column":5}},"140":{"start":{"line":141,"column":0},"end":{"line":141,"column":9}},"141":{"start":{"line":142,"column":0},"end":{"line":142,"column":18}},"142":{"start":{"line":143,"column":0},"end":{"line":143,"column":18}},"143":{"start":{"line":144,"column":0},"end":{"line":144,"column":5}},"144":{"start":{"line":145,"column":0},"end":{"line":145,"column":21}},"145":{"start":{"line":146,"column":0},"end":{"line":146,"column":19}},"146":{"start":{"line":147,"column":0},"end":{"line":147,"column":19}},"147":{"start":{"line":148,"column":0},"end":{"line":148,"column":15}},"148":{"start":{"line":149,"column":0},"end":{"line":149,"column":3}},"149":{"start":{"line":150,"column":0},"end":{"line":150,"column":0}},"150":{"start":{"line":151,"column":0},"end":{"line":151,"column":5}},"151":{"start":{"line":152,"column":0},"end":{"line":152,"column":9}},"152":{"start":{"line":153,"column":0},"end":{"line":153,"column":18}},"153":{"start":{"line":154,"column":0},"end":{"line":154,"column":18}},"154":{"start":{"line":155,"column":0},"end":{"line":155,"column":5}},"155":{"start":{"line":156,"column":0},"end":{"line":156,"column":26}},"156":{"start":{"line":157,"column":0},"end":{"line":157,"column":19}},"157":{"start":{"line":158,"column":0},"end":{"line":158,"column":19}},"158":{"start":{"line":159,"column":0},"end":{"line":159,"column":15}},"159":{"start":{"line":160,"column":0},"end":{"line":160,"column":3}},"160":{"start":{"line":161,"column":0},"end":{"line":161,"column":0}},"161":{"start":{"line":162,"column":0},"end":{"line":162,"column":5}},"162":{"start":{"line":163,"column":0},"end":{"line":163,"column":23}},"163":{"start":{"line":164,"column":0},"end":{"line":164,"column":22}},"164":{"start":{"line":165,"column":0},"end":{"line":165,"column":18}},"165":{"start":{"line":166,"column":0},"end":{"line":166,"column":5}},"166":{"start":{"line":167,"column":0},"end":{"line":167,"column":34}},"167":{"start":{"line":168,"column":0},"end":{"line":168,"column":20}},"168":{"start":{"line":169,"column":0},"end":{"line":169,"column":20}},"169":{"start":{"line":170,"column":0},"end":{"line":170,"column":0}},"170":{"start":{"line":171,"column":0},"end":{"line":171,"column":15}},"171":{"start":{"line":172,"column":0},"end":{"line":172,"column":3}},"172":{"start":{"line":173,"column":0},"end":{"line":173,"column":0}},"173":{"start":{"line":174,"column":0},"end":{"line":174,"column":5}},"174":{"start":{"line":175,"column":0},"end":{"line":175,"column":9}},"175":{"start":{"line":176,"column":0},"end":{"line":176,"column":18}},"176":{"start":{"line":177,"column":0},"end":{"line":177,"column":18}},"177":{"start":{"line":178,"column":0},"end":{"line":178,"column":5}},"178":{"start":{"line":179,"column":0},"end":{"line":179,"column":24}},"179":{"start":{"line":180,"column":0},"end":{"line":180,"column":19}},"180":{"start":{"line":181,"column":0},"end":{"line":181,"column":19}},"181":{"start":{"line":182,"column":0},"end":{"line":182,"column":0}},"182":{"start":{"line":183,"column":0},"end":{"line":183,"column":15}},"183":{"start":{"line":184,"column":0},"end":{"line":184,"column":3}},"184":{"start":{"line":185,"column":0},"end":{"line":185,"column":0}},"185":{"start":{"line":186,"column":0},"end":{"line":186,"column":5}},"186":{"start":{"line":187,"column":0},"end":{"line":187,"column":12}},"187":{"start":{"line":188,"column":0},"end":{"line":188,"column":22}},"188":{"start":{"line":189,"column":0},"end":{"line":189,"column":18}},"189":{"start":{"line":190,"column":0},"end":{"line":190,"column":5}},"190":{"start":{"line":191,"column":0},"end":{"line":191,"column":32}},"191":{"start":{"line":192,"column":0},"end":{"line":192,"column":42}},"192":{"start":{"line":193,"column":0},"end":{"line":193,"column":3}},"193":{"start":{"line":194,"column":0},"end":{"line":194,"column":0}},"194":{"start":{"line":195,"column":0},"end":{"line":195,"column":5}},"195":{"start":{"line":196,"column":0},"end":{"line":196,"column":25}},"196":{"start":{"line":197,"column":0},"end":{"line":197,"column":18}},"197":{"start":{"line":198,"column":0},"end":{"line":198,"column":21}},"198":{"start":{"line":199,"column":0},"end":{"line":199,"column":5}},"199":{"start":{"line":200,"column":0},"end":{"line":200,"column":21}},"200":{"start":{"line":201,"column":0},"end":{"line":201,"column":42}},"201":{"start":{"line":202,"column":0},"end":{"line":202,"column":3}},"202":{"start":{"line":203,"column":0},"end":{"line":203,"column":0}},"203":{"start":{"line":204,"column":0},"end":{"line":204,"column":5}},"204":{"start":{"line":205,"column":0},"end":{"line":205,"column":11}},"205":{"start":{"line":206,"column":0},"end":{"line":206,"column":26}},"206":{"start":{"line":207,"column":0},"end":{"line":207,"column":18}},"207":{"start":{"line":208,"column":0},"end":{"line":208,"column":21}},"208":{"start":{"line":209,"column":0},"end":{"line":209,"column":5}},"209":{"start":{"line":210,"column":0},"end":{"line":210,"column":23}},"210":{"start":{"line":211,"column":0},"end":{"line":211,"column":42}},"211":{"start":{"line":212,"column":0},"end":{"line":212,"column":3}},"212":{"start":{"line":213,"column":0},"end":{"line":213,"column":0}},"213":{"start":{"line":214,"column":0},"end":{"line":214,"column":5}},"214":{"start":{"line":215,"column":0},"end":{"line":215,"column":12}},"215":{"start":{"line":216,"column":0},"end":{"line":216,"column":21}},"216":{"start":{"line":217,"column":0},"end":{"line":217,"column":5}},"217":{"start":{"line":218,"column":0},"end":{"line":218,"column":14}},"218":{"start":{"line":219,"column":0},"end":{"line":219,"column":44}},"219":{"start":{"line":220,"column":0},"end":{"line":220,"column":3}},"220":{"start":{"line":221,"column":0},"end":{"line":221,"column":0}},"221":{"start":{"line":222,"column":0},"end":{"line":222,"column":5}},"222":{"start":{"line":223,"column":0},"end":{"line":223,"column":9}},"223":{"start":{"line":224,"column":0},"end":{"line":224,"column":19}},"224":{"start":{"line":225,"column":0},"end":{"line":225,"column":5}},"225":{"start":{"line":226,"column":0},"end":{"line":226,"column":12}},"226":{"start":{"line":227,"column":0},"end":{"line":227,"column":55}},"227":{"start":{"line":228,"column":0},"end":{"line":228,"column":3}},"228":{"start":{"line":229,"column":0},"end":{"line":229,"column":0}},"229":{"start":{"line":230,"column":0},"end":{"line":230,"column":5}},"230":{"start":{"line":231,"column":0},"end":{"line":231,"column":20}},"231":{"start":{"line":232,"column":0},"end":{"line":232,"column":22}},"232":{"start":{"line":233,"column":0},"end":{"line":233,"column":5}},"233":{"start":{"line":234,"column":0},"end":{"line":234,"column":15}},"234":{"start":{"line":235,"column":0},"end":{"line":235,"column":48}},"235":{"start":{"line":236,"column":0},"end":{"line":236,"column":3}},"236":{"start":{"line":237,"column":0},"end":{"line":237,"column":0}},"237":{"start":{"line":238,"column":0},"end":{"line":238,"column":5}},"238":{"start":{"line":239,"column":0},"end":{"line":239,"column":9}},"239":{"start":{"line":240,"column":0},"end":{"line":240,"column":18}},"240":{"start":{"line":241,"column":0},"end":{"line":241,"column":5}},"241":{"start":{"line":242,"column":0},"end":{"line":242,"column":11}},"242":{"start":{"line":243,"column":0},"end":{"line":243,"column":31}},"243":{"start":{"line":244,"column":0},"end":{"line":244,"column":31}},"244":{"start":{"line":245,"column":0},"end":{"line":245,"column":15}},"245":{"start":{"line":246,"column":0},"end":{"line":246,"column":3}},"246":{"start":{"line":247,"column":0},"end":{"line":247,"column":5}},"247":{"start":{"line":248,"column":0},"end":{"line":248,"column":11}},"248":{"start":{"line":249,"column":0},"end":{"line":249,"column":26}},"249":{"start":{"line":250,"column":0},"end":{"line":250,"column":5}},"250":{"start":{"line":251,"column":0},"end":{"line":251,"column":24}},"251":{"start":{"line":252,"column":0},"end":{"line":252,"column":48}},"252":{"start":{"line":253,"column":0},"end":{"line":253,"column":48}},"253":{"start":{"line":254,"column":0},"end":{"line":254,"column":0}},"254":{"start":{"line":255,"column":0},"end":{"line":255,"column":15}},"255":{"start":{"line":256,"column":0},"end":{"line":256,"column":3}},"256":{"start":{"line":257,"column":0},"end":{"line":257,"column":0}},"257":{"start":{"line":258,"column":0},"end":{"line":258,"column":5}},"258":{"start":{"line":259,"column":0},"end":{"line":259,"column":19}},"259":{"start":{"line":260,"column":0},"end":{"line":260,"column":18}},"260":{"start":{"line":261,"column":0},"end":{"line":261,"column":5}},"261":{"start":{"line":262,"column":0},"end":{"line":262,"column":13}},"262":{"start":{"line":263,"column":0},"end":{"line":263,"column":30}},"263":{"start":{"line":264,"column":0},"end":{"line":264,"column":30}},"264":{"start":{"line":265,"column":0},"end":{"line":265,"column":0}},"265":{"start":{"line":266,"column":0},"end":{"line":266,"column":15}},"266":{"start":{"line":267,"column":0},"end":{"line":267,"column":3}},"267":{"start":{"line":268,"column":0},"end":{"line":268,"column":0}},"268":{"start":{"line":269,"column":0},"end":{"line":269,"column":5}},"269":{"start":{"line":270,"column":0},"end":{"line":270,"column":12}},"270":{"start":{"line":271,"column":0},"end":{"line":271,"column":18}},"271":{"start":{"line":272,"column":0},"end":{"line":272,"column":18}},"272":{"start":{"line":273,"column":0},"end":{"line":273,"column":5}},"273":{"start":{"line":274,"column":0},"end":{"line":274,"column":21}},"274":{"start":{"line":275,"column":0},"end":{"line":275,"column":36}},"275":{"start":{"line":276,"column":0},"end":{"line":276,"column":36}},"276":{"start":{"line":277,"column":0},"end":{"line":277,"column":15}},"277":{"start":{"line":278,"column":0},"end":{"line":278,"column":3}},"278":{"start":{"line":279,"column":0},"end":{"line":279,"column":0}},"279":{"start":{"line":280,"column":0},"end":{"line":280,"column":5}},"280":{"start":{"line":281,"column":0},"end":{"line":281,"column":11}},"281":{"start":{"line":282,"column":0},"end":{"line":282,"column":18}},"282":{"start":{"line":283,"column":0},"end":{"line":283,"column":18}},"283":{"start":{"line":284,"column":0},"end":{"line":284,"column":5}},"284":{"start":{"line":285,"column":0},"end":{"line":285,"column":21}},"285":{"start":{"line":286,"column":0},"end":{"line":286,"column":36}},"286":{"start":{"line":287,"column":0},"end":{"line":287,"column":36}},"287":{"start":{"line":288,"column":0},"end":{"line":288,"column":0}},"288":{"start":{"line":289,"column":0},"end":{"line":289,"column":15}},"289":{"start":{"line":290,"column":0},"end":{"line":290,"column":3}},"290":{"start":{"line":291,"column":0},"end":{"line":291,"column":0}},"291":{"start":{"line":292,"column":0},"end":{"line":292,"column":5}},"292":{"start":{"line":293,"column":0},"end":{"line":293,"column":11}},"293":{"start":{"line":294,"column":0},"end":{"line":294,"column":18}},"294":{"start":{"line":295,"column":0},"end":{"line":295,"column":18}},"295":{"start":{"line":296,"column":0},"end":{"line":296,"column":5}},"296":{"start":{"line":297,"column":0},"end":{"line":297,"column":24}},"297":{"start":{"line":298,"column":0},"end":{"line":298,"column":47}},"298":{"start":{"line":299,"column":0},"end":{"line":299,"column":3}},"299":{"start":{"line":300,"column":0},"end":{"line":300,"column":0}},"300":{"start":{"line":301,"column":0},"end":{"line":301,"column":5}},"301":{"start":{"line":302,"column":0},"end":{"line":302,"column":16}},"302":{"start":{"line":303,"column":0},"end":{"line":303,"column":19}},"303":{"start":{"line":304,"column":0},"end":{"line":304,"column":5}},"304":{"start":{"line":305,"column":0},"end":{"line":305,"column":31}},"305":{"start":{"line":306,"column":0},"end":{"line":306,"column":27}},"306":{"start":{"line":307,"column":0},"end":{"line":307,"column":3}},"307":{"start":{"line":308,"column":0},"end":{"line":308,"column":0}},"308":{"start":{"line":309,"column":0},"end":{"line":309,"column":5}},"309":{"start":{"line":310,"column":0},"end":{"line":310,"column":9}},"310":{"start":{"line":311,"column":0},"end":{"line":311,"column":17}},"311":{"start":{"line":312,"column":0},"end":{"line":312,"column":5}},"312":{"start":{"line":313,"column":0},"end":{"line":313,"column":14}},"313":{"start":{"line":314,"column":0},"end":{"line":314,"column":32}},"314":{"start":{"line":315,"column":0},"end":{"line":315,"column":3}},"315":{"start":{"line":316,"column":0},"end":{"line":316,"column":1}}},"s":{"0":1,"1":15,"2":15,"3":15,"4":15,"5":15,"6":15,"7":15,"8":15,"9":15,"10":13,"11":13,"12":15,"13":15,"14":15,"15":15,"16":19,"17":19,"18":15,"19":15,"20":15,"21":15,"22":13,"23":13,"24":15,"25":15,"26":15,"27":15,"28":19,"29":19,"30":15,"31":15,"32":15,"33":15,"34":15,"35":15,"36":15,"37":15,"38":1,"39":1,"40":15,"41":15,"42":15,"43":15,"44":15,"45":15,"46":15,"47":15,"48":1,"49":1,"50":15,"51":15,"52":15,"53":15,"54":15,"55":15,"56":15,"57":1,"58":1,"59":1,"60":1,"61":1,"62":1,"63":15,"64":15,"65":15,"66":15,"67":15,"68":15,"69":15,"70":15,"71":10,"72":10,"73":15,"74":1,"75":1,"76":5,"77":1,"78":1,"79":4,"80":3,"81":3,"82":3,"83":15,"84":15,"85":15,"86":15,"87":15,"88":15,"89":15,"90":15,"91":15,"92":0,"93":0,"94":0,"95":0,"96":15,"97":15,"98":15,"99":15,"100":15,"101":15,"102":15,"103":0,"104":0,"105":0,"106":0,"107":15,"108":15,"109":15,"110":15,"111":15,"112":15,"113":2,"114":2,"115":15,"116":15,"117":15,"118":15,"119":15,"120":15,"121":15,"122":1,"123":1,"124":1,"125":1,"126":1,"127":15,"128":15,"129":15,"130":15,"131":15,"132":15,"133":15,"134":0,"135":0,"136":0,"137":0,"138":15,"139":15,"140":15,"141":15,"142":15,"143":15,"144":15,"145":1,"146":1,"147":1,"148":1,"149":15,"150":15,"151":15,"152":15,"153":15,"154":15,"155":15,"156":0,"157":0,"158":0,"159":0,"160":15,"161":15,"162":15,"163":15,"164":15,"165":15,"166":15,"167":0,"168":0,"169":0,"170":0,"171":0,"172":15,"173":15,"174":15,"175":15,"176":15,"177":15,"178":15,"179":0,"180":0,"181":0,"182":0,"183":0,"184":15,"185":15,"186":15,"187":15,"188":15,"189":15,"190":15,"191":0,"192":0,"193":15,"194":15,"195":15,"196":15,"197":15,"198":15,"199":15,"200":0,"201":0,"202":15,"203":15,"204":15,"205":15,"206":15,"207":15,"208":15,"209":15,"210":0,"211":0,"212":15,"213":15,"214":15,"215":15,"216":15,"217":15,"218":0,"219":0,"220":15,"221":15,"222":15,"223":15,"224":15,"225":15,"226":0,"227":0,"228":15,"229":15,"230":15,"231":15,"232":15,"233":15,"234":0,"235":0,"236":15,"237":15,"238":15,"239":15,"240":15,"241":15,"242":0,"243":0,"244":0,"245":0,"246":15,"247":15,"248":15,"249":15,"250":15,"251":0,"252":0,"253":0,"254":0,"255":0,"256":15,"257":15,"258":15,"259":15,"260":15,"261":15,"262":0,"263":0,"264":0,"265":0,"266":0,"267":15,"268":15,"269":15,"270":15,"271":15,"272":15,"273":15,"274":0,"275":0,"276":0,"277":0,"278":15,"279":15,"280":15,"281":15,"282":15,"283":15,"284":15,"285":0,"286":0,"287":0,"288":0,"289":0,"290":15,"291":15,"292":15,"293":15,"294":15,"295":15,"296":15,"297":0,"298":0,"299":15,"300":15,"301":15,"302":15,"303":15,"304":15,"305":1,"306":1,"307":15,"308":15,"309":15,"310":15,"311":15,"312":15,"313":0,"314":0,"315":15},"branchMap":{"0":{"type":"branch","line":2,"loc":{"start":{"line":2,"column":0},"end":{"line":316,"column":1}},"locations":[{"start":{"line":2,"column":0},"end":{"line":316,"column":1}}]},"1":{"type":"branch","line":10,"loc":{"start":{"line":10,"column":2},"end":{"line":12,"column":3}},"locations":[{"start":{"line":10,"column":2},"end":{"line":12,"column":3}}]},"2":{"type":"branch","line":16,"loc":{"start":{"line":16,"column":2},"end":{"line":18,"column":3}},"locations":[{"start":{"line":16,"column":2},"end":{"line":18,"column":3}}]},"3":{"type":"branch","line":22,"loc":{"start":{"line":22,"column":2},"end":{"line":24,"column":3}},"locations":[{"start":{"line":22,"column":2},"end":{"line":24,"column":3}}]},"4":{"type":"branch","line":28,"loc":{"start":{"line":28,"column":2},"end":{"line":30,"column":3}},"locations":[{"start":{"line":28,"column":2},"end":{"line":30,"column":3}}]},"5":{"type":"branch","line":38,"loc":{"start":{"line":38,"column":9},"end":{"line":40,"column":3}},"locations":[{"start":{"line":38,"column":9},"end":{"line":40,"column":3}}]},"6":{"type":"branch","line":48,"loc":{"start":{"line":48,"column":9},"end":{"line":50,"column":3}},"locations":[{"start":{"line":48,"column":9},"end":{"line":50,"column":3}}]},"7":{"type":"branch","line":57,"loc":{"start":{"line":57,"column":9},"end":{"line":63,"column":3}},"locations":[{"start":{"line":57,"column":9},"end":{"line":63,"column":3}}]},"8":{"type":"branch","line":59,"loc":{"start":{"line":59,"column":20},"end":{"line":59,"column":25}},"locations":[{"start":{"line":59,"column":20},"end":{"line":59,"column":25}}]},"9":{"type":"branch","line":60,"loc":{"start":{"line":60,"column":20},"end":{"line":60,"column":25}},"locations":[{"start":{"line":60,"column":20},"end":{"line":60,"column":25}}]},"10":{"type":"branch","line":70,"loc":{"start":{"line":70,"column":2},"end":{"line":84,"column":3}},"locations":[{"start":{"line":70,"column":2},"end":{"line":84,"column":3}}]},"11":{"type":"branch","line":71,"loc":{"start":{"line":71,"column":31},"end":{"line":74,"column":11}},"locations":[{"start":{"line":71,"column":31},"end":{"line":74,"column":11}}]},"12":{"type":"branch","line":72,"loc":{"start":{"line":72,"column":16},"end":{"line":72,"column":21}},"locations":[{"start":{"line":72,"column":16},"end":{"line":72,"column":21}}]},"13":{"type":"branch","line":73,"loc":{"start":{"line":73,"column":16},"end":{"line":73,"column":21}},"locations":[{"start":{"line":73,"column":16},"end":{"line":73,"column":21}}]},"14":{"type":"branch","line":74,"loc":{"start":{"line":74,"column":5},"end":{"line":83,"column":5}},"locations":[{"start":{"line":74,"column":5},"end":{"line":83,"column":5}}]},"15":{"type":"branch","line":74,"loc":{"start":{"line":74,"column":37},"end":{"line":77,"column":11}},"locations":[{"start":{"line":74,"column":37},"end":{"line":77,"column":11}}]},"16":{"type":"branch","line":77,"loc":{"start":{"line":77,"column":5},"end":{"line":83,"column":5}},"locations":[{"start":{"line":77,"column":5},"end":{"line":83,"column":5}}]},"17":{"type":"branch","line":77,"loc":{"start":{"line":77,"column":33},"end":{"line":80,"column":11}},"locations":[{"start":{"line":77,"column":33},"end":{"line":80,"column":11}}]},"18":{"type":"branch","line":80,"loc":{"start":{"line":80,"column":5},"end":{"line":83,"column":5}},"locations":[{"start":{"line":80,"column":5},"end":{"line":83,"column":5}}]},"19":{"type":"branch","line":113,"loc":{"start":{"line":113,"column":2},"end":{"line":115,"column":3}},"locations":[{"start":{"line":113,"column":2},"end":{"line":115,"column":3}}]},"20":{"type":"branch","line":122,"loc":{"start":{"line":122,"column":2},"end":{"line":127,"column":3}},"locations":[{"start":{"line":122,"column":2},"end":{"line":127,"column":3}}]},"21":{"type":"branch","line":145,"loc":{"start":{"line":145,"column":2},"end":{"line":149,"column":3}},"locations":[{"start":{"line":145,"column":2},"end":{"line":149,"column":3}}]},"22":{"type":"branch","line":305,"loc":{"start":{"line":305,"column":2},"end":{"line":307,"column":3}},"locations":[{"start":{"line":305,"column":2},"end":{"line":307,"column":3}}]}},"b":{"0":[15],"1":[13],"2":[19],"3":[13],"4":[19],"5":[1],"6":[1],"7":[1],"8":[0],"9":[0],"10":[15],"11":[10],"12":[1],"13":[1],"14":[5],"15":[1],"16":[4],"17":[1],"18":[3],"19":[2],"20":[1],"21":[1],"22":[1]},"fnMap":{"0":{"name":"<instance_members_initializer>","decl":{"start":{"line":2,"column":0},"end":{"line":316,"column":1}},"loc":{"start":{"line":2,"column":0},"end":{"line":316,"column":1}},"line":2},"1":{"name":"get x","decl":{"start":{"line":10,"column":2},"end":{"line":12,"column":3}},"loc":{"start":{"line":10,"column":2},"end":{"line":12,"column":3}},"line":10},"2":{"name":"set x","decl":{"start":{"line":16,"column":2},"end":{"line":18,"column":3}},"loc":{"start":{"line":16,"column":2},"end":{"line":18,"column":3}},"line":16},"3":{"name":"get y","decl":{"start":{"line":22,"column":2},"end":{"line":24,"column":3}},"loc":{"start":{"line":22,"column":2},"end":{"line":24,"column":3}},"line":22},"4":{"name":"set y","decl":{"start":{"line":28,"column":2},"end":{"line":30,"column":3}},"loc":{"start":{"line":28,"column":2},"end":{"line":30,"column":3}},"line":28},"5":{"name":"addVectors","decl":{"start":{"line":38,"column":9},"end":{"line":40,"column":3}},"loc":{"start":{"line":38,"column":9},"end":{"line":40,"column":3}},"line":38},"6":{"name":"subVectors","decl":{"start":{"line":48,"column":9},"end":{"line":50,"column":3}},"loc":{"start":{"line":48,"column":9},"end":{"line":50,"column":3}},"line":48},"7":{"name":"parseFromArray","decl":{"start":{"line":57,"column":9},"end":{"line":63,"column":3}},"loc":{"start":{"line":57,"column":9},"end":{"line":63,"column":3}},"line":57},"8":{"name":"Vector2","decl":{"start":{"line":70,"column":2},"end":{"line":84,"column":3}},"loc":{"start":{"line":70,"column":2},"end":{"line":84,"column":3}},"line":70},"9":{"name":"set","decl":{"start":{"line":92,"column":2},"end":{"line":96,"column":3}},"loc":{"start":{"line":92,"column":2},"end":{"line":96,"column":3}},"line":92},"10":{"name":"copy","decl":{"start":{"line":103,"column":2},"end":{"line":107,"column":3}},"loc":{"start":{"line":103,"column":2},"end":{"line":107,"column":3}},"line":103},"11":{"name":"clone","decl":{"start":{"line":113,"column":2},"end":{"line":115,"column":3}},"loc":{"start":{"line":113,"column":2},"end":{"line":115,"column":3}},"line":113},"12":{"name":"add","decl":{"start":{"line":122,"column":2},"end":{"line":127,"column":3}},"loc":{"start":{"line":122,"column":2},"end":{"line":127,"column":3}},"line":122},"13":{"name":"addValue","decl":{"start":{"line":134,"column":2},"end":{"line":138,"column":3}},"loc":{"start":{"line":134,"column":2},"end":{"line":138,"column":3}},"line":134},"14":{"name":"sub","decl":{"start":{"line":145,"column":2},"end":{"line":149,"column":3}},"loc":{"start":{"line":145,"column":2},"end":{"line":149,"column":3}},"line":145},"15":{"name":"multiply","decl":{"start":{"line":156,"column":2},"end":{"line":160,"column":3}},"loc":{"start":{"line":156,"column":2},"end":{"line":160,"column":3}},"line":156},"16":{"name":"multiplyScalar","decl":{"start":{"line":167,"column":2},"end":{"line":172,"column":3}},"loc":{"start":{"line":167,"column":2},"end":{"line":172,"column":3}},"line":167},"17":{"name":"divide","decl":{"start":{"line":179,"column":2},"end":{"line":184,"column":3}},"loc":{"start":{"line":179,"column":2},"end":{"line":184,"column":3}},"line":179},"18":{"name":"divideScalar","decl":{"start":{"line":191,"column":2},"end":{"line":193,"column":3}},"loc":{"start":{"line":191,"column":2},"end":{"line":193,"column":3}},"line":191},"19":{"name":"dot","decl":{"start":{"line":200,"column":2},"end":{"line":202,"column":3}},"loc":{"start":{"line":200,"column":2},"end":{"line":202,"column":3}},"line":200},"20":{"name":"cross","decl":{"start":{"line":210,"column":2},"end":{"line":212,"column":3}},"loc":{"start":{"line":210,"column":2},"end":{"line":212,"column":3}},"line":210},"21":{"name":"lengthSq","decl":{"start":{"line":218,"column":2},"end":{"line":220,"column":3}},"loc":{"start":{"line":218,"column":2},"end":{"line":220,"column":3}},"line":218},"22":{"name":"length","decl":{"start":{"line":226,"column":2},"end":{"line":228,"column":3}},"loc":{"start":{"line":226,"column":2},"end":{"line":228,"column":3}},"line":226},"23":{"name":"normalize","decl":{"start":{"line":234,"column":2},"end":{"line":236,"column":3}},"loc":{"start":{"line":234,"column":2},"end":{"line":236,"column":3}},"line":234},"24":{"name":"round","decl":{"start":{"line":242,"column":2},"end":{"line":246,"column":3}},"loc":{"start":{"line":242,"column":2},"end":{"line":246,"column":3}},"line":242},"25":{"name":"toFixed","decl":{"start":{"line":251,"column":2},"end":{"line":256,"column":3}},"loc":{"start":{"line":251,"column":2},"end":{"line":256,"column":3}},"line":251},"26":{"name":"ceiling","decl":{"start":{"line":262,"column":2},"end":{"line":267,"column":3}},"loc":{"start":{"line":262,"column":2},"end":{"line":267,"column":3}},"line":262},"27":{"name":"min","decl":{"start":{"line":274,"column":2},"end":{"line":278,"column":3}},"loc":{"start":{"line":274,"column":2},"end":{"line":278,"column":3}},"line":274},"28":{"name":"max","decl":{"start":{"line":285,"column":2},"end":{"line":290,"column":3}},"loc":{"start":{"line":285,"column":2},"end":{"line":290,"column":3}},"line":285},"29":{"name":"equals","decl":{"start":{"line":297,"column":2},"end":{"line":299,"column":3}},"loc":{"start":{"line":297,"column":2},"end":{"line":299,"column":3}},"line":297},"30":{"name":"toArray","decl":{"start":{"line":305,"column":2},"end":{"line":307,"column":3}},"loc":{"start":{"line":305,"column":2},"end":{"line":307,"column":3}},"line":305},"31":{"name":"toString","decl":{"start":{"line":313,"column":2},"end":{"line":315,"column":3}},"loc":{"start":{"line":313,"column":2},"end":{"line":315,"column":3}},"line":313}},"f":{"0":15,"1":13,"2":19,"3":13,"4":19,"5":1,"6":1,"7":1,"8":15,"9":0,"10":0,"11":2,"12":1,"13":0,"14":1,"15":0,"16":0,"17":0,"18":0,"19":0,"20":0,"21":0,"22":0,"23":0,"24":0,"25":0,"26":0,"27":0,"28":0,"29":0,"30":1,"31":0}}
,"D:\\projects\\mark-map\\lib\\utils\\index.ts": {"path":"D:\\projects\\mark-map\\lib\\utils\\index.ts","all":false,"statementMap":{"0":{"start":{"line":1,"column":0},"end":{"line":1,"column":25}},"1":{"start":{"line":2,"column":0},"end":{"line":2,"column":0}},"2":{"start":{"line":3,"column":0},"end":{"line":3,"column":35}},"3":{"start":{"line":4,"column":0},"end":{"line":4,"column":13}},"4":{"start":{"line":5,"column":0},"end":{"line":5,"column":1}}},"s":{"0":1,"1":1,"2":1,"3":2,"4":2},"branchMap":{"0":{"type":"branch","line":3,"loc":{"start":{"line":3,"column":28},"end":{"line":5,"column":1}},"locations":[{"start":{"line":3,"column":28},"end":{"line":5,"column":1}}]}},"b":{"0":[2]},"fnMap":{"0":{"name":"generateUUID","decl":{"start":{"line":3,"column":28},"end":{"line":5,"column":1}},"loc":{"start":{"line":3,"column":28},"end":{"line":5,"column":1}},"line":3}},"f":{"0":2}}
}
