TN:
SF:lib\math\Vector2.ts
FN:2,<instance_members_initializer>
FN:10,get x
FN:16,set x
FN:22,get y
FN:28,set y
FN:38,addVectors
FN:48,subVectors
FN:57,parseFromArray
FN:70,Vector2
FN:92,set
FN:103,copy
FN:113,clone
FN:122,add
FN:134,addValue
FN:145,sub
FN:156,multiply
FN:167,multiplyScalar
FN:179,divide
FN:191,divideScalar
FN:200,dot
FN:210,cross
FN:218,lengthSq
FN:226,length
FN:234,normalize
FN:242,round
FN:251,toFixed
FN:262,ceiling
FN:274,min
FN:285,max
FN:297,equals
FN:305,toArray
FN:313,toString
FNF:32
FNH:13
FNDA:15,<instance_members_initializer>
FNDA:13,get x
FNDA:19,set x
FNDA:13,get y
FNDA:19,set y
FNDA:1,addVectors
FNDA:1,subVectors
FNDA:1,parseFromArray
FNDA:15,Vector2
FNDA:0,set
FNDA:0,copy
FNDA:2,clone
FNDA:1,add
FNDA:0,addValue
FNDA:1,sub
FNDA:0,multiply
FNDA:0,multiplyScalar
FNDA:0,divide
FNDA:0,divideScalar
FNDA:0,dot
FNDA:0,cross
FNDA:0,lengthSq
FNDA:0,length
FNDA:0,normalize
FNDA:0,round
FNDA:0,toFixed
FNDA:0,ceiling
FNDA:0,min
FNDA:0,max
FNDA:0,equals
FNDA:1,toArray
FNDA:0,toString
DA:1,1
DA:2,15
DA:3,15
DA:4,15
DA:5,15
DA:6,15
DA:7,15
DA:8,15
DA:9,15
DA:10,15
DA:11,13
DA:12,13
DA:13,15
DA:14,15
DA:15,15
DA:16,15
DA:17,19
DA:18,19
DA:19,15
DA:20,15
DA:21,15
DA:22,15
DA:23,13
DA:24,13
DA:25,15
DA:26,15
DA:27,15
DA:28,15
DA:29,19
DA:30,19
DA:31,15
DA:32,15
DA:33,15
DA:34,15
DA:35,15
DA:36,15
DA:37,15
DA:38,15
DA:39,1
DA:40,1
DA:41,15
DA:42,15
DA:43,15
DA:44,15
DA:45,15
DA:46,15
DA:47,15
DA:48,15
DA:49,1
DA:50,1
DA:51,15
DA:52,15
DA:53,15
DA:54,15
DA:55,15
DA:56,15
DA:57,15
DA:58,1
DA:59,1
DA:60,1
DA:61,1
DA:62,1
DA:63,1
DA:64,15
DA:65,15
DA:66,15
DA:67,15
DA:68,15
DA:69,15
DA:70,15
DA:71,15
DA:72,10
DA:73,10
DA:74,15
DA:75,1
DA:76,1
DA:77,5
DA:78,1
DA:79,1
DA:80,4
DA:81,3
DA:82,3
DA:83,3
DA:84,15
DA:85,15
DA:86,15
DA:87,15
DA:88,15
DA:89,15
DA:90,15
DA:91,15
DA:92,15
DA:93,0
DA:94,0
DA:95,0
DA:96,0
DA:97,15
DA:98,15
DA:99,15
DA:100,15
DA:101,15
DA:102,15
DA:103,15
DA:104,0
DA:105,0
DA:106,0
DA:107,0
DA:108,15
DA:109,15
DA:110,15
DA:111,15
DA:112,15
DA:113,15
DA:114,2
DA:115,2
DA:116,15
DA:117,15
DA:118,15
DA:119,15
DA:120,15
DA:121,15
DA:122,15
DA:123,1
DA:124,1
DA:125,1
DA:126,1
DA:127,1
DA:128,15
DA:129,15
DA:130,15
DA:131,15
DA:132,15
DA:133,15
DA:134,15
DA:135,0
DA:136,0
DA:137,0
DA:138,0
DA:139,15
DA:140,15
DA:141,15
DA:142,15
DA:143,15
DA:144,15
DA:145,15
DA:146,1
DA:147,1
DA:148,1
DA:149,1
DA:150,15
DA:151,15
DA:152,15
DA:153,15
DA:154,15
DA:155,15
DA:156,15
DA:157,0
DA:158,0
DA:159,0
DA:160,0
DA:161,15
DA:162,15
DA:163,15
DA:164,15
DA:165,15
DA:166,15
DA:167,15
DA:168,0
DA:169,0
DA:170,0
DA:171,0
DA:172,0
DA:173,15
DA:174,15
DA:175,15
DA:176,15
DA:177,15
DA:178,15
DA:179,15
DA:180,0
DA:181,0
DA:182,0
DA:183,0
DA:184,0
DA:185,15
DA:186,15
DA:187,15
DA:188,15
DA:189,15
DA:190,15
DA:191,15
DA:192,0
DA:193,0
DA:194,15
DA:195,15
DA:196,15
DA:197,15
DA:198,15
DA:199,15
DA:200,15
DA:201,0
DA:202,0
DA:203,15
DA:204,15
DA:205,15
DA:206,15
DA:207,15
DA:208,15
DA:209,15
DA:210,15
DA:211,0
DA:212,0
DA:213,15
DA:214,15
DA:215,15
DA:216,15
DA:217,15
DA:218,15
DA:219,0
DA:220,0
DA:221,15
DA:222,15
DA:223,15
DA:224,15
DA:225,15
DA:226,15
DA:227,0
DA:228,0
DA:229,15
DA:230,15
DA:231,15
DA:232,15
DA:233,15
DA:234,15
DA:235,0
DA:236,0
DA:237,15
DA:238,15
DA:239,15
DA:240,15
DA:241,15
DA:242,15
DA:243,0
DA:244,0
DA:245,0
DA:246,0
DA:247,15
DA:248,15
DA:249,15
DA:250,15
DA:251,15
DA:252,0
DA:253,0
DA:254,0
DA:255,0
DA:256,0
DA:257,15
DA:258,15
DA:259,15
DA:260,15
DA:261,15
DA:262,15
DA:263,0
DA:264,0
DA:265,0
DA:266,0
DA:267,0
DA:268,15
DA:269,15
DA:270,15
DA:271,15
DA:272,15
DA:273,15
DA:274,15
DA:275,0
DA:276,0
DA:277,0
DA:278,0
DA:279,15
DA:280,15
DA:281,15
DA:282,15
DA:283,15
DA:284,15
DA:285,15
DA:286,0
DA:287,0
DA:288,0
DA:289,0
DA:290,0
DA:291,15
DA:292,15
DA:293,15
DA:294,15
DA:295,15
DA:296,15
DA:297,15
DA:298,0
DA:299,0
DA:300,15
DA:301,15
DA:302,15
DA:303,15
DA:304,15
DA:305,15
DA:306,1
DA:307,1
DA:308,15
DA:309,15
DA:310,15
DA:311,15
DA:312,15
DA:313,15
DA:314,0
DA:315,0
DA:316,15
LF:316
LH:251
BRDA:2,0,0,15
BRDA:10,1,0,13
BRDA:16,2,0,19
BRDA:22,3,0,13
BRDA:28,4,0,19
BRDA:38,5,0,1
BRDA:48,6,0,1
BRDA:57,7,0,1
BRDA:59,8,0,0
BRDA:60,9,0,0
BRDA:70,10,0,15
BRDA:71,11,0,10
BRDA:72,12,0,1
BRDA:73,13,0,1
BRDA:74,14,0,5
BRDA:74,15,0,1
BRDA:77,16,0,4
BRDA:77,17,0,1
BRDA:80,18,0,3
BRDA:113,19,0,2
BRDA:122,20,0,1
BRDA:145,21,0,1
BRDA:305,22,0,1
BRF:23
BRH:21
end_of_record
TN:
SF:lib\utils\index.ts
FN:3,generateUUID
FNF:1
FNH:1
FNDA:2,generateUUID
DA:1,1
DA:2,1
DA:3,1
DA:4,2
DA:5,2
LF:5
LH:5
BRDA:3,0,0,2
BRF:1
BRH:1
end_of_record
