TN:
SF:lib\math\Vector2.ts
FN:2,<instance_members_initializer>
FN:10,get x
FN:16,set x
FN:22,get y
FN:28,set y
FN:38,addVectors
FN:48,subVectors
FN:57,parseFromArray
FN:70,Vector2
FN:92,set
FN:103,copy
FN:113,clone
FN:122,add
FN:134,addValue
FN:145,sub
FN:156,multiply
FN:167,multiplyScalar
FN:179,divide
FN:191,divideScalar
FN:200,dot
FN:210,cross
FN:218,lengthSq
FN:226,length
FN:234,normalize
FN:242,round
FN:251,toFixed
FN:262,ceiling
FN:274,min
FN:285,max
FN:297,equals
FN:305,toArray
FN:313,toString
FNF:32
FNH:32
FNDA:44,<instance_members_initializer>
FNDA:53,get x
FNDA:69,set x
FNDA:53,get y
FNDA:69,set y
FNDA:1,addVectors
FNDA:1,subVectors
FNDA:2,parseFromArray
FNDA:44,Vector2
FNDA:5,set
FNDA:1,copy
FNDA:3,clone
FNDA:2,add
FNDA:1,addValue
FNDA:2,sub
FNDA:1,multiply
FNDA:4,multiplyScalar
FNDA:1,divide
FNDA:3,divideScalar
FNDA:1,dot
FNDA:1,cross
FNDA:1,lengthSq
FNDA:4,length
FNDA:2,normalize
FNDA:1,round
FNDA:1,toFixed
FNDA:1,ceiling
FNDA:1,min
FNDA:1,max
FNDA:1,equals
FNDA:1,toArray
FNDA:1,toString
DA:1,1
DA:2,44
DA:3,44
DA:4,44
DA:5,44
DA:6,44
DA:7,44
DA:8,44
DA:9,44
DA:10,44
DA:11,53
DA:12,53
DA:13,44
DA:14,44
DA:15,44
DA:16,44
DA:17,69
DA:18,69
DA:19,44
DA:20,44
DA:21,44
DA:22,44
DA:23,53
DA:24,53
DA:25,44
DA:26,44
DA:27,44
DA:28,44
DA:29,69
DA:30,69
DA:31,44
DA:32,44
DA:33,44
DA:34,44
DA:35,44
DA:36,44
DA:37,44
DA:38,44
DA:39,1
DA:40,1
DA:41,44
DA:42,44
DA:43,44
DA:44,44
DA:45,44
DA:46,44
DA:47,44
DA:48,44
DA:49,1
DA:50,1
DA:51,44
DA:52,44
DA:53,44
DA:54,44
DA:55,44
DA:56,44
DA:57,44
DA:58,2
DA:59,2
DA:60,2
DA:61,2
DA:62,2
DA:63,2
DA:64,44
DA:65,44
DA:66,44
DA:67,44
DA:68,44
DA:69,44
DA:70,44
DA:71,44
DA:72,37
DA:73,37
DA:74,44
DA:75,1
DA:76,1
DA:77,7
DA:78,1
DA:79,1
DA:80,6
DA:81,5
DA:82,5
DA:83,5
DA:84,44
DA:85,44
DA:86,44
DA:87,44
DA:88,44
DA:89,44
DA:90,44
DA:91,44
DA:92,44
DA:93,5
DA:94,5
DA:95,5
DA:96,5
DA:97,44
DA:98,44
DA:99,44
DA:100,44
DA:101,44
DA:102,44
DA:103,44
DA:104,1
DA:105,1
DA:106,1
DA:107,1
DA:108,44
DA:109,44
DA:110,44
DA:111,44
DA:112,44
DA:113,44
DA:114,3
DA:115,3
DA:116,44
DA:117,44
DA:118,44
DA:119,44
DA:120,44
DA:121,44
DA:122,44
DA:123,2
DA:124,2
DA:125,2
DA:126,2
DA:127,2
DA:128,44
DA:129,44
DA:130,44
DA:131,44
DA:132,44
DA:133,44
DA:134,44
DA:135,1
DA:136,1
DA:137,1
DA:138,1
DA:139,44
DA:140,44
DA:141,44
DA:142,44
DA:143,44
DA:144,44
DA:145,44
DA:146,2
DA:147,2
DA:148,2
DA:149,2
DA:150,44
DA:151,44
DA:152,44
DA:153,44
DA:154,44
DA:155,44
DA:156,44
DA:157,1
DA:158,1
DA:159,1
DA:160,1
DA:161,44
DA:162,44
DA:163,44
DA:164,44
DA:165,44
DA:166,44
DA:167,44
DA:168,4
DA:169,4
DA:170,4
DA:171,4
DA:172,4
DA:173,44
DA:174,44
DA:175,44
DA:176,44
DA:177,44
DA:178,44
DA:179,44
DA:180,1
DA:181,1
DA:182,1
DA:183,1
DA:184,1
DA:185,44
DA:186,44
DA:187,44
DA:188,44
DA:189,44
DA:190,44
DA:191,44
DA:192,3
DA:193,3
DA:194,44
DA:195,44
DA:196,44
DA:197,44
DA:198,44
DA:199,44
DA:200,44
DA:201,1
DA:202,1
DA:203,44
DA:204,44
DA:205,44
DA:206,44
DA:207,44
DA:208,44
DA:209,44
DA:210,44
DA:211,1
DA:212,1
DA:213,44
DA:214,44
DA:215,44
DA:216,44
DA:217,44
DA:218,44
DA:219,1
DA:220,1
DA:221,44
DA:222,44
DA:223,44
DA:224,44
DA:225,44
DA:226,44
DA:227,4
DA:228,4
DA:229,44
DA:230,44
DA:231,44
DA:232,44
DA:233,44
DA:234,44
DA:235,2
DA:236,2
DA:237,44
DA:238,44
DA:239,44
DA:240,44
DA:241,44
DA:242,44
DA:243,1
DA:244,1
DA:245,1
DA:246,1
DA:247,44
DA:248,44
DA:249,44
DA:250,44
DA:251,44
DA:252,1
DA:253,1
DA:254,1
DA:255,1
DA:256,1
DA:257,44
DA:258,44
DA:259,44
DA:260,44
DA:261,44
DA:262,44
DA:263,1
DA:264,1
DA:265,1
DA:266,1
DA:267,1
DA:268,44
DA:269,44
DA:270,44
DA:271,44
DA:272,44
DA:273,44
DA:274,44
DA:275,1
DA:276,1
DA:277,1
DA:278,1
DA:279,44
DA:280,44
DA:281,44
DA:282,44
DA:283,44
DA:284,44
DA:285,44
DA:286,1
DA:287,1
DA:288,1
DA:289,1
DA:290,1
DA:291,44
DA:292,44
DA:293,44
DA:294,44
DA:295,44
DA:296,44
DA:297,44
DA:298,1
DA:299,1
DA:300,44
DA:301,44
DA:302,44
DA:303,44
DA:304,44
DA:305,44
DA:306,1
DA:307,1
DA:308,44
DA:309,44
DA:310,44
DA:311,44
DA:312,44
DA:313,44
DA:314,1
DA:315,1
DA:316,44
LF:316
LH:316
BRDA:2,0,0,44
BRDA:10,1,0,53
BRDA:16,2,0,69
BRDA:22,3,0,53
BRDA:28,4,0,69
BRDA:38,5,0,1
BRDA:48,6,0,1
BRDA:57,7,0,2
BRDA:59,8,0,1
BRDA:60,9,0,1
BRDA:70,10,0,44
BRDA:71,11,0,37
BRDA:72,12,0,2
BRDA:73,13,0,2
BRDA:74,14,0,7
BRDA:74,15,0,1
BRDA:77,16,0,6
BRDA:77,17,0,1
BRDA:80,18,0,5
BRDA:92,19,0,5
BRDA:103,20,0,1
BRDA:113,21,0,3
BRDA:122,22,0,2
BRDA:134,23,0,1
BRDA:145,24,0,2
BRDA:156,25,0,1
BRDA:167,26,0,4
BRDA:179,27,0,1
BRDA:191,28,0,3
BRDA:200,29,0,1
BRDA:210,30,0,1
BRDA:218,31,0,1
BRDA:226,32,0,4
BRDA:234,33,0,2
BRDA:235,34,0,1
BRDA:242,35,0,1
BRDA:251,36,0,1
BRDA:262,37,0,1
BRDA:274,38,0,1
BRDA:285,39,0,1
BRDA:297,40,0,1
BRDA:305,41,0,1
BRDA:313,42,0,1
BRF:43
BRH:43
end_of_record
TN:
SF:lib\utils\index.ts
FN:3,generateUUID
FNF:1
FNH:1
FNDA:2,generateUUID
DA:1,1
DA:2,1
DA:3,1
DA:4,2
DA:5,2
LF:5
LH:5
BRDA:3,0,0,2
BRF:1
BRH:1
end_of_record
